Log file open, 11/10/17 02:29:31
LogWindows: Failed to load 'aqProf.dll' (GetLastError=126)
LogWindows: File 'aqProf.dll' does not exist
LogWindows: Failed to load 'VtuneApi.dll' (GetLastError=126)
LogWindows: File 'VtuneApi.dll' does not exist
LogWindows: Failed to load 'VtuneApi32e.dll' (GetLastError=126)
LogWindows: File 'VtuneApi32e.dll' does not exist
LogInit: Display: Running engine for game: FlyingAria
LogPlatformFile: Not using cached read wrapper
LogInit: Display: RandInit(-1946138814) SRandInit(-1946138814).
LogTaskGraph: Started task graph with 5 named threads and 14 total threads with 3 sets of task threads.
LogStats: Stats thread started at 0.183119
LogD3D11RHI: Aftermath initialized
LogPluginManager: Mounting plugin Paper2D
LogPluginManager: Mounting plugin LightPropagationVolume
LogPluginManager: Mounting plugin CodeLiteSourceCodeAccess
LogPluginManager: Mounting plugin GitSourceControl
LogPluginManager: Mounting plugin KDevelopSourceCodeAccess
LogPluginManager: Mounting plugin NullSourceCodeAccess
LogPluginManager: Mounting plugin PerforceSourceControl
LogPluginManager: Mounting plugin SubversionSourceControl
LogPluginManager: Mounting plugin UObjectPlugin
LogPluginManager: Mounting plugin VisualStudioSourceCodeAccess
LogPluginManager: Mounting plugin XCodeSourceCodeAccess
LogPluginManager: Mounting plugin AssetManagerEditor
LogPluginManager: Mounting plugin AudioCapture
LogPluginManager: Mounting plugin FacialAnimation
LogPluginManager: Mounting plugin GameplayTagsEditor
LogPluginManager: Mounting plugin MobileLauncherProfileWizard
LogPluginManager: Mounting plugin PluginBrowser
LogPluginManager: Mounting plugin SpeedTreeImporter
LogPluginManager: Mounting plugin AlembicImporter
LogPluginManager: Mounting plugin CharacterAI
LogPluginManager: Mounting plugin HTML5Networking
LogPluginManager: Mounting plugin AndroidMedia
LogPluginManager: Mounting plugin AvfMedia
LogPluginManager: Mounting plugin MediaPlayerEditor
LogPluginManager: Mounting plugin WmfMedia
LogPluginManager: Mounting plugin TcpMessaging
LogPluginManager: Mounting plugin UdpMessaging
LogPluginManager: Mounting plugin LevelSequenceEditor
LogPluginManager: Mounting plugin MatineeToLevelSequence
LogPluginManager: Mounting plugin OnlineSubsystemGooglePlay
LogPluginManager: Mounting plugin OnlineSubsystemIOS
LogPluginManager: Mounting plugin OnlineSubsystem
LogPluginManager: Mounting plugin OnlineSubsystemNull
LogPluginManager: Mounting plugin OnlineSubsystemUtils
LogPluginManager: Mounting plugin AndroidDeviceProfileSelector
LogPluginManager: Mounting plugin AndroidMoviePlayer
LogPluginManager: Mounting plugin AndroidPermission
LogPluginManager: Mounting plugin AppleMoviePlayer
LogPluginManager: Mounting plugin ArchVisCharacter
LogPluginManager: Mounting plugin CableComponent
LogPluginManager: Mounting plugin CustomMeshComponent
LogPluginManager: Mounting plugin ExampleDeviceProfileSelector
LogPluginManager: Mounting plugin GoogleCloudMessaging
LogPluginManager: Mounting plugin ImmediatePhysics
LogPluginManager: Mounting plugin IOSDeviceProfileSelector
LogPluginManager: Mounting plugin LinuxDeviceProfileSelector
LogPluginManager: Mounting plugin LocationServicesBPLibrary
LogPluginManager: Mounting plugin MobilePatchingUtils
LogPluginManager: Mounting plugin OculusVR
LogPluginManager: Mounting plugin PhysXVehicles
LogPluginManager: Mounting plugin ProceduralMeshComponent
LogPluginManager: Mounting plugin RuntimePhysXCooking
LogPluginManager: Mounting plugin SteamVR
LogPluginManager: Mounting plugin WindowsMoviePlayer
LogInit: Using libcurl 7.47.1
LogInit:  - built for x86_64-pc-win32
LogInit:  - supports SSL with OpenSSL/1.0.2g
LogInit:  - supports HTTP deflate (compression) using libz 1.2.8
LogInit:  - other features:
LogInit:      CURL_VERSION_SSL
LogInit:      CURL_VERSION_LIBZ
LogInit:      CURL_VERSION_IPV6
LogInit:      CURL_VERSION_ASYNCHDNS
LogInit:      CURL_VERSION_LARGEFILE
LogInit:      CURL_VERSION_IDN
LogInit:  CurlRequestOptions (configurable via config and command line):
LogInit:  - bVerifyPeer = false  - Libcurl will NOT verify peer certificate
LogInit:  - bUseHttpProxy = false  - Libcurl will NOT use HTTP proxy
LogInit:  - bDontReuseConnections = false  - Libcurl will reuse connections
LogInit:  - CertBundlePath = nullptr  - Libcurl will use whatever was configured at build time.
LogInit: Build: ++UE4+Release-4.17-CL-3658906
LogInit: Engine Version: 4.17.2-3658906+++UE4+Release-4.17
LogInit: Compatible Engine Version: 4.17.0-3573198+++UE4+Release-4.17
LogInit: Net CL: 3573198
LogDevObjectVersion: Number of dev versions registered: 16
LogDevObjectVersion:   Dev-Blueprints (B0D832E4-1F89-4F0D-ACCF-7EB736FD4AA2): 10
LogDevObjectVersion:   Dev-Build (E1C64328-A22C-4D53-A36C-8E866417BD8C): 0
LogDevObjectVersion:   Dev-Core (375EC13C-06E4-48FB-B500-84F0262A717E): 2
LogDevObjectVersion:   Dev-Editor (E4B068ED-F494-42E9-A231-DA0B2E46BB41): 20
LogDevObjectVersion:   Dev-Framework (CFFC743F-43B0-4480-9391-14DF171D2073): 28
LogDevObjectVersion:   Dev-Mobile (B02B49B5-BB20-44E9-A304-32B752E40360): 0
LogDevObjectVersion:   Dev-Networking (A4E4105C-59A1-49B5-A7C5-40C4547EDFEE): 0
LogDevObjectVersion:   Dev-Online (39C831C9-5AE6-47DC-9A44-9C173E1C8E7C): 0
LogDevObjectVersion:   Dev-Physics (78F01B33-EBEA-4F98-B9B4-84EACCB95AA2): 0
LogDevObjectVersion:   Dev-Platform (6631380F-2D4D-43E0-8009-CF276956A95A): 0
LogDevObjectVersion:   Dev-Rendering (12F88B9F-8875-4AFC-A67C-D90C383ABD29): 19
LogDevObjectVersion:   Dev-Sequencer (7B5AE74C-D270-4C10-A958-57980B212A5A): 4
LogDevObjectVersion:   Dev-VR (D7296918-1DD6-4BDD-9DE2-64A83CC13884): 0
LogDevObjectVersion:   Dev-LoadTimes (C2A15278-BFE7-4AFE-6C17-90FF531DF755): 1
LogDevObjectVersion:   Private-Geometry (6EACA3D4-40EC-4CC1-B786-8BED09428FC5): 1
LogDevObjectVersion:   Dev-AnimPhys (29E575DD-E0A3-4627-9D10-D276232CDCEA): 7
LogInit: Compiled (64-bit): Sep 22 2017 13:47:16
LogInit: Compiled with Visual C++: 19.00.24215.01
LogInit: Build Configuration: Development
LogInit: Branch Name: ++UE4+Release-4.17
LogInit: Command line: 
LogInit: Base directory: C:/Program Files/Epic Games/UE_4.17/Engine/Binaries/Win64/
LogInit: Installed Engine Build: 1
LogInit: Presizing for max 8388607 objects, including 0 objects not considered by GC, pre-allocating 0 bytes for permanent pool.
LogInit: Object subsystem initialized
[2017.11.10-07.29.33:673][  0]LogInit: Selected Device Profile: [Windows]
[2017.11.10-07.29.33:673][  0]LogInit: Applying CVar settings loaded from the selected device profile: [Windows]
[2017.11.10-07.29.33:929][  0]LogInit: Computer: LAPTOP-2SK5NFL4
[2017.11.10-07.29.33:929][  0]LogInit: User: dueli
[2017.11.10-07.29.33:929][  0]LogInit: CPU Page size=4096, Cores=4
[2017.11.10-07.29.33:929][  0]LogInit: High frequency timer resolution =2.531253 MHz
[2017.11.10-07.29.33:929][  0]LogMemory: Memory total: Physical=7.8GB (8GB approx)
[2017.11.10-07.29.33:929][  0]LogMemory: Platform Memory Stats for Windows
[2017.11.10-07.29.33:929][  0]LogMemory: Process Physical Memory: 278.99 MB used, 278.99 MB peak
[2017.11.10-07.29.33:929][  0]LogMemory: Process Virtual Memory: 274.27 MB used, 274.27 MB peak
[2017.11.10-07.29.33:929][  0]LogMemory: Physical Memory: 5320.73 MB used,  2699.05 MB free, 8019.78 MB total
[2017.11.10-07.29.33:929][  0]LogMemory: Virtual Memory: 702.38 MB used,  2699.05 MB free, 134217728.00 MB total
[2017.11.10-07.29.35:954][  0]LogInit: Using OS detected language (en-US).
[2017.11.10-07.29.35:954][  0]LogInit: Using OS detected locale (en-US).
[2017.11.10-07.29.36:180][  0]LogTextLocalizationManager: No specific localization for 'en-US' exists, so the 'en' localization will be used.
[2017.11.10-07.29.52:292][  0]LogD3D11RHI: D3D11 adapters:
[2017.11.10-07.29.53:295][  0]LogD3D11RHI:    0. 'NVIDIA GeForce GTX 960M' (Feature Level 11_0)
[2017.11.10-07.29.53:295][  0]LogD3D11RHI:       2019/0/4009 MB DedicatedVideo/DedicatedSystem/SharedSystem, Outputs:1, VendorId:0x10de
[2017.11.10-07.29.53:469][  0]LogD3D11RHI:    1. 'Intel(R) HD Graphics 530' (Feature Level 11_0)
[2017.11.10-07.29.53:469][  0]LogD3D11RHI:       128/0/4009 MB DedicatedVideo/DedicatedSystem/SharedSystem, Outputs:0, VendorId:0x8086
[2017.11.10-07.29.53:471][  0]LogD3D11RHI:    2. 'Microsoft Basic Render Driver' (Feature Level 11_0)
[2017.11.10-07.29.53:471][  0]LogD3D11RHI:       0/0/4009 MB DedicatedVideo/DedicatedSystem/SharedSystem, Outputs:0, VendorId:0x1414
[2017.11.10-07.29.53:471][  0]LogD3D11RHI: Chosen D3D11 Adapter: 0
[2017.11.10-07.29.53:478][  0]LogD3D11RHI: Creating new Direct3DDevice
[2017.11.10-07.29.53:478][  0]LogD3D11RHI:     GPU DeviceId: 0x139b (for the marketing name, search the web for "GPU Device Id")
[2017.11.10-07.29.53:478][  0]LogWindows: EnumDisplayDevices:
[2017.11.10-07.29.53:478][  0]LogWindows:    0. 'Intel(R) HD Graphics 530' (P:1 D:1)
[2017.11.10-07.29.53:479][  0]LogWindows:    1. 'Intel(R) HD Graphics 530' (P:0 D:0)
[2017.11.10-07.29.53:479][  0]LogWindows:    2. 'Intel(R) HD Graphics 530' (P:0 D:0)
[2017.11.10-07.29.53:479][  0]LogWindows: DebugString: GetVideoDriverDetailsInvalid PrimaryIsNotTheChoosenAdapter GetVideoDriverDetailsInvalid PrimaryIsNotTheChoosenAdapter GetVideoDriverDetailsInvalid PrimaryIsNotTheChoosenAdapter FoundDriverCount:0 
[2017.11.10-07.29.53:479][  0]LogD3D11RHI:     Adapter Name: NVIDIA GeForce GTX 960M
[2017.11.10-07.29.53:479][  0]LogD3D11RHI:   Driver Version: Unknown (internal:Unknown, unified:Unknown)
[2017.11.10-07.29.53:479][  0]LogD3D11RHI:      Driver Date: Unknown
[2017.11.10-07.29.53:479][  0]LogRHI: Texture pool is 1361 MB (70% of 1945 MB)
[2017.11.10-07.29.53:511][  0]LogD3D11RHI: Async texture creation enabled
[2017.11.10-07.29.53:530][  0]LogD3D11RHI: GPU Timing Frequency: 1000.000000 (Debug: 2 1)
[2017.11.10-07.29.53:532][  0]LogShaderCompilers: Guid format shader working directory is -21 characters bigger than the processId version (../../../../../../Users/dueli/Documents/Unreal Projects/FlyingAria/Intermediate/Shaders/WorkingDirectory/16288/).
[2017.11.10-07.29.53:532][  0]LogShaderCompilers: Cleaned the shader compiler working directory 'C:/Users/dueli/AppData/Local/Temp/UnrealShaderWorkingDir/3C5DDE064EF1C3A8E73096A1E34F1592/'.
[2017.11.10-07.29.53:532][  0]LogShaderCompilers: Display: Using Local Shader Compiler.
[2017.11.10-07.30.02:061][  0]LogTemp: Display: Loaded TP AllDesktopTargetPlatform
[2017.11.10-07.30.02:174][  0]LogTemp: Display: Loaded TP MacClientTargetPlatform
[2017.11.10-07.30.02:259][  0]LogTemp: Display: Loaded TP MacNoEditorTargetPlatform
[2017.11.10-07.30.02:366][  0]LogTemp: Display: Loaded TP MacServerTargetPlatform
[2017.11.10-07.30.02:472][  0]LogTemp: Display: Loaded TP MacTargetPlatform
[2017.11.10-07.30.02:593][  0]LogTemp: Display: Loaded TP WindowsClientTargetPlatform
[2017.11.10-07.30.02:688][  0]LogTemp: Display: Loaded TP WindowsNoEditorTargetPlatform
[2017.11.10-07.30.02:773][  0]LogTemp: Display: Loaded TP WindowsServerTargetPlatform
[2017.11.10-07.30.02:852][  0]LogTemp: Display: Loaded TP WindowsTargetPlatform
[2017.11.10-07.30.02:957][  0]LogTemp: Display: Loaded TP AndroidTargetPlatform
[2017.11.10-07.30.03:061][  0]LogTemp: Display: Loaded TP Android_ASTCTargetPlatform
[2017.11.10-07.30.03:146][  0]LogTemp: Display: Loaded TP Android_ATCTargetPlatform
[2017.11.10-07.30.03:228][  0]LogTemp: Display: Loaded TP Android_DXTTargetPlatform
[2017.11.10-07.30.03:310][  0]LogTemp: Display: Loaded TP Android_ETC1TargetPlatform
[2017.11.10-07.30.03:450][  0]LogTemp: Display: Loaded TP Android_ETC2TargetPlatform
[2017.11.10-07.30.03:608][  0]LogTemp: Display: Loaded TP Android_MultiTargetPlatform
[2017.11.10-07.30.03:608][  0]LogTemp: Display: Loaded TP Android_PVRTCTargetPlatform
[2017.11.10-07.30.03:685][  0]LogTemp: Display: Loaded TP HTML5TargetPlatform
[2017.11.10-07.30.03:858][  0]LogTemp: Display: Loaded TP IOSTargetPlatform
[2017.11.10-07.30.03:903][  0]LogTemp: Display: Loaded TP TVOSTargetPlatform
[2017.11.10-07.30.04:003][  0]LogTemp: Display: Loaded TP LinuxClientTargetPlatform
[2017.11.10-07.30.04:097][  0]LogTemp: Display: Loaded TP LinuxNoEditorTargetPlatform
[2017.11.10-07.30.04:176][  0]LogTemp: Display: Loaded TP LinuxServerTargetPlatform
[2017.11.10-07.30.04:275][  0]LogTemp: Display: Loaded TP LinuxTargetPlatform
[2017.11.10-07.30.04:275][  0]LogTargetPlatformManager: Display: Building Assets For Windows
[2017.11.10-07.30.05:914][  0]LogDerivedDataCache: Display: Max Cache Size: 512 MB
[2017.11.10-07.30.06:051][  0]LogDerivedDataCache: Loaded boot cache 0.14s 93MB C:/Users/dueli/AppData/Local/UnrealEngine/4.17/DerivedDataCache/Boot.ddc.
[2017.11.10-07.30.06:051][  0]LogDerivedDataCache: Display: Loaded Boot cache: C:/Users/dueli/AppData/Local/UnrealEngine/4.17/DerivedDataCache/Boot.ddc
[2017.11.10-07.30.06:051][  0]LogDerivedDataCache: FDerivedDataBackendGraph:  Pak pak cache file ../../../../../../Users/dueli/Documents/Unreal Projects/FlyingAria/DerivedDataCache/DDC.ddp not found, will not use a pak cache.
[2017.11.10-07.30.06:051][  0]LogDerivedDataCache: Unable to find inner node Pak for hierarchical cache Hierarchy.
[2017.11.10-07.30.06:051][  0]LogDerivedDataCache: FDerivedDataBackendGraph:  CompressedPak pak cache file ../../../../../../Users/dueli/Documents/Unreal Projects/FlyingAria/DerivedDataCache/Compressed.ddp not found, will not use a pak cache.
[2017.11.10-07.30.06:051][  0]LogDerivedDataCache: Unable to find inner node CompressedPak for hierarchical cache Hierarchy.
[2017.11.10-07.30.06:072][  0]LogDerivedDataCache: Display: Pak cache opened for reading ../../../Engine/DerivedDataCache/Compressed.ddp.
[2017.11.10-07.30.06:085][  0]LogDerivedDataCache: Using Local data cache path C:/Users/dueli/AppData/Local/UnrealEngine/Common/DerivedDataCache: Writable
[2017.11.10-07.30.06:099][  0]LogMaterial: Verifying Global Shaders for PCD3D_SM5
[2017.11.10-07.30.06:101][  0]LogSlate: Using Freetype 2.6.0
[2017.11.10-07.30.06:136][  0]LogSlate: SlateFontCache - WITH_FREETYPE: 1, WITH_HARFBUZZ: 1
[2017.11.10-07.30.06:136][  0]LogSlate: SlateFontCache - WITH_FREETYPE: 1, WITH_HARFBUZZ: 1
[2017.11.10-07.30.08:577][  0]LogAssetRegistry: FAssetRegistry took 0.0266 seconds to start up
[2017.11.10-07.30.08:772][  0]LogInit: Selected Device Profile: [Windows]
[2017.11.10-07.30.09:152][  0]LogContentStreaming: Texture pool size is 0.00 MB
[2017.11.10-07.30.09:819][  0]LogSimplygon: Simplygon DLL not present - disabling.
[2017.11.10-07.30.09:900][  0]LogMeshReduction: Using SimplygonSwarm for distributed automatic mesh merging
[2017.11.10-07.30.09:900][  0]LogMeshReduction: Using QuadricMeshReduction for automatic static mesh reduction
[2017.11.10-07.30.09:900][  0]LogMeshReduction: No automatic skeletal mesh reduction module available
[2017.11.10-07.30.09:900][  0]LogMeshReduction: No automatic mesh merging module available
[2017.11.10-07.30.09:900][  0]LogMeshMerging: No automatic mesh merging module available
[2017.11.10-07.30.10:432][  0]LogNetVersion: FlyingAria , NetCL: 3573198, EngineNetVer: 2, GameNetVer: 0 (Checksum: 1908303000)
[2017.11.10-07.30.10:933][  0]LogPackageLocalizationCache: Processed 5 localized package path(s) for 2 prioritized culture(s) in 0.237087 seconds
[2017.11.10-07.30.10:948][  0]LogUObjectArray: 35825 objects as part of root set at end of initial load.
[2017.11.10-07.30.10:948][  0]LogUObjectAllocator: 7529104 out of 0 bytes used by permanent object pool.
[2017.11.10-07.30.10:948][  0]LogUObjectArray: CloseDisregardForGC: 0/0 objects in disregard for GC pool
[2017.11.10-07.30.11:048][  0]LogInit: WinSock: version 1.1 (2.2), MaxSocks=32767, MaxUdp=65467
[2017.11.10-07.30.40:903][  0]LogTcpMessaging: Initializing TcpMessaging bridge
[2017.11.10-07.30.40:963][  0]LogUdpMessaging: Initializing bridge on interface 0.0.0.0:0 to multicast group 230.0.0.1:6666.
[2017.11.10-07.30.42:575][  0]LogMaterial: Uniform references updated for custom material expression Custom.
[2017.11.10-07.30.43:279][  0]SourceControl: Source control is disabled
[2017.11.10-07.30.43:279][  0]SourceControl: Source control is disabled
[2017.11.10-07.30.43:366][  0]SourceControl: Source control is disabled
[2017.11.10-07.30.43:452][  0]SourceControl: Source control is disabled
[2017.11.10-07.30.44:635][  0]LogAndroidPermission: UAndroidPermissionCallbackProxy::GetInstance
[2017.11.10-07.30.45:039][  0]LogOcInput: OculusInput pre-init called
[2017.11.10-07.30.45:465][  0]LogEngine: Initializing Engine...
[2017.11.10-07.30.45:468][  0]LogHMD: Failed to initialize OpenVR with code 110
[2017.11.10-07.30.45:762][  0]LogStats: UGameplayTagsManager::ConstructGameplayTagTree: Construct from data asset -  0.000 s
[2017.11.10-07.30.45:762][  0]LogStats: UGameplayTagsManager::ConstructGameplayTagTree: GameplayTagTreeChangedEvent.Broadcast -  0.000 s
[2017.11.10-07.30.45:967][  0]LogAIModule: Creating AISystem for world Untitled
[2017.11.10-07.30.45:976][  0]LogInit: XAudio2 using 'Speakers (Realtek High Definition Audio)' : 2 channels at 48 kHz using 32 bits per sample (channel mask 0x3)
[2017.11.10-07.30.45:997][  0]LogInit: FAudioDevice initialized.
[2017.11.10-07.30.46:243][  0]LogDerivedDataCache: Saved boot cache 0.25s 93MB C:/Users/dueli/AppData/Local/UnrealEngine/4.17/DerivedDataCache/Boot.ddc.
[2017.11.10-07.30.46:275][  0]LogInit: Texture streaming: Enabled
[2017.11.10-07.30.46:480][  0]LogEngineSessionManager: EngineSessionManager initialized
[2017.11.10-07.30.46:832][  0]LogInit: Transaction tracking system initialized
[2017.11.10-07.30.47:341][  0]BlueprintLog: New page: Editor Load
[2017.11.10-07.30.48:885][  0]LocalizationService: Localization service is disabled
[2017.11.10-07.30.50:071][  0]LogConsoleResponse: Display: 
[2017.11.10-07.30.50:385][  0]LogCook: Display: Max memory allowance for cook 16384mb min free memory 0mb
[2017.11.10-07.30.50:385][  0]LogCook: Display: Mobile HDR setting 1
[2017.11.10-07.30.50:386][  0]LogGameplayTags: Display: UGameplayTagsManager::DoneAddingNativeTags. DelegateIsBound: 0
[2017.11.10-07.30.50:764][  0]LogFileCache: Scanning file cache for directory 'C:/Users/dueli/Documents/Unreal Projects/FlyingAria/Content/' took 0.03s
[2017.11.10-07.30.52:063][  0]SourceControl: Source control is disabled
[2017.11.10-07.30.52:063][  0]Cmd: MAP LOAD FILE="../../../../../../Users/dueli/Documents/Unreal Projects/FlyingAria/Content/StarterContent/Maps/Minimal_Default.umap" TEMPLATE=0 SHOWPROGRESS=1 FEATURELEVEL=3
[2017.11.10-07.30.52:064][  0]LightingResults: New page: Lighting Build
[2017.11.10-07.30.52:126][  0]MapCheck: New page: Map Check
[2017.11.10-07.30.52:126][  0]LightingResults: New page: Lighting Build
[2017.11.10-07.30.53:352][  0]LogAIModule: Creating AISystem for world Minimal_Default
[2017.11.10-07.30.55:458][  0]LogEditorServer: Finished looking for orphan Actors (0.000 secs)
[2017.11.10-07.30.55:490][  0]Cmd: MAP CHECKDEP NOCLEARLOG
[2017.11.10-07.30.55:586][  0]MapCheck: Map check complete: 0 Error(s), 0 Warning(s), took 96.139ms to complete.
[2017.11.10-07.30.55:586][  0]LogFileHelpers: Loading map 'Minimal_Default' took 3.523
[2017.11.10-07.30.55:828][  0]LogCollectionManager: Loaded 0 collections in 0.002808 seconds
[2017.11.10-07.30.55:930][  0]LogFileCache: Scanning file cache for directory 'C:/Users/dueli/Documents/Unreal Projects/FlyingAria/Saved/Collections/' took 0.01s
[2017.11.10-07.30.55:930][  0]LogFileCache: Scanning file cache for directory 'C:/Users/dueli/Documents/Unreal Projects/FlyingAria/Content/Developers/dueli/Collections/' took 0.01s
[2017.11.10-07.30.55:930][  0]LogFileCache: Scanning file cache for directory 'C:/Users/dueli/Documents/Unreal Projects/FlyingAria/Content/Collections/' took 0.01s
[2017.11.10-07.30.55:930][  0]LogCollectionManager: Rebuilt the GUID cache for 0 collections in 0.000000 seconds
[2017.11.10-07.30.55:939][  0]LogContentBrowser: Native class hierarchy populated in 0.0086 seconds. Added 2386 classes and 500 folders.
[2017.11.10-07.30.56:041][  0]LogContentBrowser: Native class hierarchy updated for 'WidgetCarousel' in 0.0007 seconds. Added 0 classes and 0 folders.
[2017.11.10-07.30.56:950][  0]LogContentBrowser: Native class hierarchy updated for 'AddContentDialog' in 0.0007 seconds. Added 0 classes and 0 folders.
[2017.11.10-07.30.57:015][  0]LogContentBrowser: Native class hierarchy updated for 'SceneOutliner' in 0.0008 seconds. Added 1 classes and 2 folders.
[2017.11.10-07.30.59:223][  0]LogSlate: Took 0.000300 seconds to synchronously load lazily loaded font '../../../Engine/Content/Slate/Fonts/Roboto-Regular.ttf' (155K)
[2017.11.10-07.30.59:231][  0]LogSlate: Took 0.000450 seconds to synchronously load lazily loaded font '../../../Engine/Content/Slate/Fonts/Roboto-Bold.ttf' (160K)
[2017.11.10-07.30.59:306][  0]LogTemp: Executing iPhonePackager certificates Engine -bundlename com.YourCompany.FlyingAria
[2017.11.10-07.30.59:306][  0]LogTemp: CWD: C:\Program Files\Epic Games\UE_4.17\Engine\Binaries\DotNET\IOS
[2017.11.10-07.30.59:306][  0]LogTemp: Initial Dir: C:\Program Files\Epic Games\UE_4.17
[2017.11.10-07.30.59:306][  0]LogTemp: Env CWD: C:\Program Files\Epic Games\UE_4.17\Engine\Binaries\DotNET\IOS
[2017.11.10-07.30.59:306][  0]LogTemp: BranchPath = LAPTOP-2SK5NFL4/C/Program Files/Epic Games/UE_4.17/Engine/Binaries --- GameBranchPath = LAPTOP-2SK5NFL4/C/Program Files/Epic Games/UE_4.17/Engine/Binaries
[2017.11.10-07.30.59:306][  0]LogTemp: IPP ERROR: Could not find provision directory 'C:\Users\dueli\AppData\Local/Apple Computer/MobileDevice/Provisioning Profiles/'.
[2017.11.10-07.30.59:306][  0]LogSlate: Took 0.068440 seconds to synchronously load lazily loaded font '../../../Engine/Content/Editor/Slate/Fonts/FontAwesome.ttf' (139K)
[2017.11.10-07.30.59:467][  0]LogRenderer: Reallocating scene render targets to support 1208x576 Format 10 NumSamples 1 (Frame:1).
[2017.11.10-07.30.59:765][  0]LogContentBrowser: Native class hierarchy updated for 'HierarchicalLODOutliner' in 0.0007 seconds. Added 1 classes and 2 folders.
[2017.11.10-07.30.59:766][  0]LogLoad: (Engine Initialization) Total time: 93.63 seconds
[2017.11.10-07.30.59:766][  0]LogLoad: (Engine Initialization) Total Blueprint compile time: 0.00 seconds
[2017.11.10-07.30.59:766][  0]LogExternalProfiler: Found external profiler: VSPerf
[2017.11.10-07.30.59:766][  0]LogExternalProfiler: Using external profiler: VSPerf
[2017.11.10-07.31.00:136][  0]LogContentStreaming: Texture pool size now 1000 MB
[2017.11.10-07.31.00:249][  0]LogSlate: Took 0.000440 seconds to synchronously load lazily loaded font '../../../Engine/Content/Slate/Fonts/Roboto-Light.ttf' (159K)
[2017.11.10-07.31.00:792][  2]LogAssetRegistry: Asset discovery search completed in 52.2371 seconds
[2017.11.10-07.31.00:799][  2]LogCollectionManager: Rebuilt the object cache for 0 collections in 0.000001 seconds (found 0 objects)
[2017.11.10-07.31.00:799][  2]LogCollectionManager: Fixed up redirectors for 0 collections in 0.000096 seconds (updated 0 objects)
[2017.11.10-07.39.34:961][445]LogSlate: Took 0.000616 seconds to synchronously load lazily loaded font '../../../Engine/Content/Slate/Fonts/Roboto-Light.ttf' (159K)
[2017.11.10-07.41.27:955][230]LogSlate: Took 0.000344 seconds to synchronously load lazily loaded font '../../../Engine/Content/Slate/Fonts/Roboto-Light.ttf' (159K)
[2017.11.10-10.42.19:118][393]LogHttp: Warning: 000001D80C1CCB80: request failed, libcurl error: 6 (Couldn't resolve host name)
[2017.11.10-10.42.19:118][393]LogHttp: Warning: 000001D80C1CCB80: libcurl info message cache 0 (Connection 2 seems to be dead!)
[2017.11.10-10.42.19:118][393]LogHttp: Warning: 000001D80C1CCB80: libcurl info message cache 1 (Closing connection 2)
[2017.11.10-10.42.19:118][393]LogHttp: Warning: 000001D80C1CCB80: libcurl info message cache 2 (Could not resolve host: datarouter.ol.epicgames.com)
[2017.11.10-10.42.19:118][393]LogHttp: Warning: 000001D80C1CCB80: libcurl info message cache 3 (Closing connection 3)
[2017.11.10-10.42.28:609][420]LogFileHelpers: Editor autosave (incl. sublevels) for '/Game/StarterContent/Maps/Minimal_Default' took 0.010
[2017.11.10-10.42.32:677][420]OBJ SavePackage: Generating thumbnails for [0] asset(s) in package [/Game/Character/NewBlueprint] ([1] browsable assets)...
[2017.11.10-10.42.32:977][420]OBJ SavePackage: Finished generating thumbnails for package [/Game/Character/NewBlueprint]
[2017.11.10-10.42.32:981][420]LogSlate: Took 0.000231 seconds to synchronously load lazily loaded font '../../../Engine/Content/Slate/Fonts/Roboto-Regular.ttf' (155K)
[2017.11.10-16.18.30:748][420]LogSavePackage: Save=1505650.50ms
[2017.11.10-16.18.30:750][420]LogSavePackage: Moving '../../../../../../Users/dueli/Documents/Unreal Projects/FlyingAria/Saved/NewBlueprint_Auto17985E23E4D07E2F9DFBF2E897689F674.tmp' to '../../../../../../Users/dueli/Documents/Unreal Projects/FlyingAria/Saved/Autosaves/Game/Character/NewBlueprint_Auto1.uasset'
[2017.11.10-16.18.31:620][420]LogSavePackage: Display: Finished SavePackage ../../../../../../Users/dueli/Documents/Unreal Projects/FlyingAria/Saved/Autosaves/Game/Character/NewBlueprint_Auto1.uasset
[2017.11.10-16.18.31:621][420]LogFileHelpers: Auto-saving content packages took 20176.741
[2017.11.10-16.18.31:982][423]LogHttp: Warning: 000001D7A7FAB580: request failed, libcurl error: 6 (Couldn't resolve host name)
[2017.11.10-16.18.31:982][423]LogHttp: Warning: 000001D7A7FAB580: libcurl info message cache 0 (Could not resolve host: datarouter.ol.epicgames.com)
[2017.11.10-16.18.31:982][423]LogHttp: Warning: 000001D7A7FAB580: libcurl info message cache 1 (Closing connection 4)
[2017.11.10-16.18.58:023][500]LogRenderer: Reallocating scene render targets to support 1208x600 Format 10 NumSamples 1 (Frame:1052).
[2017.11.10-16.24.13:492][844]LogContentBrowser: Native class hierarchy updated for 'BlueprintGraph' in 0.0016 seconds. Added 113 classes and 0 folders.
[2017.11.10-16.24.18:610][844]LogSlate: Took 0.049005 seconds to synchronously load lazily loaded font '../../../Engine/Content/Editor/Slate/Fonts/Roboto-BoldCondensed.ttf' (158K)
[2017.11.10-16.24.20:604][845]LogSlate: Took 0.016677 seconds to synchronously load lazily loaded font '../../../Engine/Content/Editor/Slate/Fonts/Roboto-Italic.ttf' (157K)
[2017.11.10-16.27.04:108][874]LogTemp: Repeating last play command: New Editor Window (PIE)
[2017.11.10-16.27.05:906][874]LogBlueprintUserMessages: Early PlayInEditor Detection: Level '/Game/StarterContent/Maps/Minimal_Default.Minimal_Default:PersistentLevel' has LevelScriptBlueprint '/Game/StarterContent/Maps/Minimal_Default.Minimal_Default:PersistentLevel.Minimal_Default' with GeneratedClass '/Game/StarterContent/Maps/Minimal_Default.Minimal_Default_C' with ClassGeneratedBy '/Game/StarterContent/Maps/Minimal_Default.Minimal_Default:PersistentLevel.Minimal_Default'
[2017.11.10-16.27.06:070][874]LogPlayLevel: PlayLevel: No blueprints needed recompiling
[2017.11.10-16.27.06:733][874]PIE: New page: PIE session: Minimal_Default (Nov 10, 2017, 6:27:06 AM)
[2017.11.10-16.27.06:783][874]LogPlayLevel: Creating play world package: /Game/StarterContent/Maps/UEDPIE_0_Minimal_Default
[2017.11.10-16.27.07:181][874]LogPlayLevel: PIE: StaticDuplicateObject took: (0.397734s)
[2017.11.10-16.27.07:183][874]LogAIModule: Creating AISystem for world Minimal_Default
[2017.11.10-16.27.07:183][874]LogPlayLevel: PIE: World Init took: (0.001760s)
[2017.11.10-16.27.07:233][874]LogPlayLevel: PIE: Created PIE world by copying editor world from /Game/StarterContent/Maps/Minimal_Default.Minimal_Default to /Game/StarterContent/Maps/UEDPIE_0_Minimal_Default.Minimal_Default (0.455324s)
[2017.11.10-16.27.07:512][874]LogInit: XAudio2 using 'Speakers (Realtek High Definition Audio)' : 2 channels at 48 kHz using 32 bits per sample (channel mask 0x3)
[2017.11.10-16.27.07:532][874]LogInit: FAudioDevice initialized.
[2017.11.10-16.27.08:133][874]LogLoad: Game class is 'MyGame_C'
[2017.11.10-16.27.09:515][874]LogWorld: Bringing World /Game/StarterContent/Maps/UEDPIE_0_Minimal_Default.Minimal_Default up for play (max tick rate 60) at 2017.11.10-11.27.09
[2017.11.10-16.27.09:705][874]LogWorld: Bringing up level for play took: 0.278082
[2017.11.10-16.27.10:233][874]LogGameMode: FindPlayerStart: PATHS NOT DEFINED or NO PLAYERSTART with positive rating
[2017.11.10-16.27.18:270][874]LogContentBrowser: Native class hierarchy updated for 'MovieSceneCapture' in 0.0010 seconds. Added 11 classes and 0 folders.
[2017.11.10-16.27.18:640][874]PIE: Play in editor start time for /Game/StarterContent/Maps/UEDPIE_0_Minimal_Default 13.364
[2017.11.10-16.27.18:665][874]LogBlueprintUserMessages: Late PlayInEditor Detection: Level '/Game/StarterContent/Maps/Minimal_Default.Minimal_Default:PersistentLevel' has LevelScriptBlueprint '/Game/StarterContent/Maps/Minimal_Default.Minimal_Default:PersistentLevel.Minimal_Default' with GeneratedClass '/Game/StarterContent/Maps/Minimal_Default.Minimal_Default_C' with ClassGeneratedBy '/Game/StarterContent/Maps/Minimal_Default.Minimal_Default:PersistentLevel.Minimal_Default'
[2017.11.10-16.27.20:722][874]LogRenderer: Reallocating scene render targets to support 1292x756 Format 10 NumSamples 1 (Frame:1).
[2017.11.10-16.27.25:223][ 80]LogBlueprintUserMessages: Early EndPlayMap Detection: Level '/Game/StarterContent/Maps/Minimal_Default.Minimal_Default:PersistentLevel' has LevelScriptBlueprint '/Game/StarterContent/Maps/Minimal_Default.Minimal_Default:PersistentLevel.Minimal_Default' with GeneratedClass '/Game/StarterContent/Maps/Minimal_Default.Minimal_Default_C' with ClassGeneratedBy '/Game/StarterContent/Maps/Minimal_Default.Minimal_Default:PersistentLevel.Minimal_Default'
[2017.11.10-16.27.26:007][ 80]LogBlueprintUserMessages: Late EndPlayMap Detection: Level '/Game/StarterContent/Maps/Minimal_Default.Minimal_Default:PersistentLevel' has LevelScriptBlueprint '/Game/StarterContent/Maps/Minimal_Default.Minimal_Default:PersistentLevel.Minimal_Default' with GeneratedClass '/Game/StarterContent/Maps/Minimal_Default.Minimal_Default_C' with ClassGeneratedBy '/Game/StarterContent/Maps/Minimal_Default.Minimal_Default:PersistentLevel.Minimal_Default'
[2017.11.10-16.36.14:933][199]LogFileHelpers: Editor autosave (incl. sublevels) for '/Game/StarterContent/Maps/Minimal_Default' took 0.022
[2017.11.10-16.36.14:936][199]OBJ SavePackage: Generating thumbnails for [1] asset(s) in package [/Game/Character/CharacterBP] ([1] browsable assets)...
[2017.11.10-16.36.15:019][199]OBJ SavePackage:     Rendered thumbnail for [Blueprint /Game/Character/CharacterBP.CharacterBP]
[2017.11.10-16.36.15:019][199]OBJ SavePackage: Finished generating thumbnails for package [/Game/Character/CharacterBP]
[2017.11.10-16.36.17:137][199]LogSavePackage: Save=344.44ms
[2017.11.10-16.36.17:138][199]LogSavePackage: Moving '../../../../../../Users/dueli/Documents/Unreal Projects/FlyingAria/Saved/CharacterBP_Auto28088864341EF031B35D0C2A141449806.tmp' to '../../../../../../Users/dueli/Documents/Unreal Projects/FlyingAria/Saved/Autosaves/Game/Character/CharacterBP_Auto2.uasset'
[2017.11.10-16.36.17:212][199]LogSavePackage: Display: Finished SavePackage ../../../../../../Users/dueli/Documents/Unreal Projects/FlyingAria/Saved/Autosaves/Game/Character/CharacterBP_Auto2.uasset
[2017.11.10-16.36.17:212][199]LogFileHelpers: Auto-saving content packages took 2.278
[2017.11.10-16.42.04:476][643]Cmd: QUIT_EDITOR
[2017.11.10-16.42.05:331][643]LogWindowsTextInputMethodSystem: Display: IME system now deactivated.
[2017.11.10-16.42.05:374][643]LogExit: Preparing to exit.
[2017.11.10-16.42.06:510][643]LogDirectoryWatcher: A directory notification for 'C:/Users/dueli/Documents/Unreal Projects/FlyingAria/Content/' was aborted.
[2017.11.10-16.42.06:628][643]LogExit: Editor shut down
[2017.11.10-16.42.06:660][643]LogExit: Transaction tracking system shut down
[2017.11.10-16.42.06:792][643]LogDirectoryWatcher: A directory notification for '../../../Engine/Content/' was aborted.
[2017.11.10-16.42.06:792][643]LogDirectoryWatcher: A directory notification for '../../../../../../Users/dueli/Documents/Unreal Projects/FlyingAria/Content/' was aborted.
[2017.11.10-16.42.06:792][643]LogDirectoryWatcher: A directory notification for '../../../Engine/Plugins/2D/Paper2D/Content/' was aborted.
[2017.11.10-16.42.06:792][643]LogDirectoryWatcher: A directory notification for '../../../Engine/Plugins/Runtime/Oculus/OculusVR/Content/' was aborted.
[2017.11.10-16.42.06:792][643]LogDirectoryWatcher: A directory notification for '../../../Engine/Plugins/Runtime/Steam/SteamVR/Content/' was aborted.
[2017.11.10-16.42.06:940][643]LogExit: Object subsystem successfully closed.
[2017.11.10-16.42.06:969][643]LogD3D11RHI: Shutdown
[2017.11.10-16.42.06:969][643]LogD3D11RHI: CleanupD3DDevice
[2017.11.10-16.42.07:082][643]LogD3D11RHI: ~FD3D11DynamicRHI
[2017.11.10-16.42.07:143][643]LogModuleManager: Shutting down and abandoning module MovieSceneCapture (538)
[2017.11.10-16.42.07:143][643]LogModuleManager: Shutting down and abandoning module BlueprintGraph (536)
[2017.11.10-16.42.07:143][643]LogModuleManager: Shutting down and abandoning module BlueprintProfiler (534)
[2017.11.10-16.42.07:198][643]LogModuleManager: Shutting down and abandoning module HierarchicalLODOutliner (532)
[2017.11.10-16.42.07:198][643]LogModuleManager: Shutting down and abandoning module ExternalImagePicker (530)
[2017.11.10-16.42.07:198][643]LogModuleManager: Shutting down and abandoning module SceneOutliner (528)
[2017.11.10-16.42.07:198][643]LogModuleManager: Shutting down and abandoning module AddContentDialog (526)
[2017.11.10-16.42.07:199][643]LogDirectoryWatcher: A directory notification for 'C:/Program Files/Epic Games/UE_4.17/FeaturePacks/' was aborted.
[2017.11.10-16.42.07:212][643]LogModuleManager: Shutting down and abandoning module WidgetCarousel (525)
[2017.11.10-16.42.07:212][643]LogModuleManager: Shutting down and abandoning module EditorWidgets (522)
[2017.11.10-16.42.07:212][643]LogModuleManager: Shutting down and abandoning module CollectionManager (520)
[2017.11.10-16.42.07:212][643]LogDirectoryWatcher: A directory notification for 'C:/Users/dueli/Documents/Unreal Projects/FlyingAria/Content/Collections/' was aborted.
[2017.11.10-16.42.07:212][643]LogDirectoryWatcher: A directory notification for 'C:/Users/dueli/Documents/Unreal Projects/FlyingAria/Content/Developers/dueli/Collections/' was aborted.
[2017.11.10-16.42.07:212][643]LogDirectoryWatcher: A directory notification for 'C:/Users/dueli/Documents/Unreal Projects/FlyingAria/Saved/Collections/' was aborted.
[2017.11.10-16.42.07:213][643]LogModuleManager: Shutting down and abandoning module StatsViewer (518)
[2017.11.10-16.42.07:213][643]LogModuleManager: Shutting down and abandoning module FoliageEdit (516)
[2017.11.10-16.42.07:213][643]LogModuleManager: Shutting down and abandoning module LandscapeEditor (514)
[2017.11.10-16.42.07:213][643]LogModuleManager: Shutting down and abandoning module MeshPaintMode (512)
[2017.11.10-16.42.07:213][643]LogModuleManager: Shutting down and abandoning module SceneDepthPickerMode (510)
[2017.11.10-16.42.07:213][643]LogModuleManager: Shutting down and abandoning module ActorPickerMode (508)
[2017.11.10-16.42.07:213][643]LogModuleManager: Shutting down and abandoning module GeometryMode (506)
[2017.11.10-16.42.07:213][643]LogModuleManager: Shutting down and abandoning module TextureAlignMode (504)
[2017.11.10-16.42.07:213][643]LogModuleManager: Shutting down and abandoning module BspMode (502)
[2017.11.10-16.42.07:213][643]LogModuleManager: Shutting down and abandoning module PIEPreviewDeviceProfileSelector (500)
[2017.11.10-16.42.07:213][643]LogModuleManager: Shutting down and abandoning module HardwareSurvey (498)
[2017.11.10-16.42.07:213][643]LogModuleManager: Shutting down and abandoning module SequenceRecorderSections (496)
[2017.11.10-16.42.07:213][643]LogModuleManager: Shutting down and abandoning module AutomationWorker (494)
[2017.11.10-16.42.07:214][643]LogModuleManager: Shutting down and abandoning module MatineeToLevelSequence (492)
[2017.11.10-16.42.07:214][643]LogModuleManager: Shutting down and abandoning module LevelSequenceEditor (490)
[2017.11.10-16.42.07:214][643]LogModuleManager: Shutting down and abandoning module PlacementMode (489)
[2017.11.10-16.42.07:214][643]LogModuleManager: Shutting down and abandoning module WmfMediaFactory (486)
[2017.11.10-16.42.07:214][643]LogModuleManager: Shutting down and abandoning module WmfMediaEditor (484)
[2017.11.10-16.42.07:214][643]LogModuleManager: Shutting down and abandoning module AvfMediaFactory (482)
[2017.11.10-16.42.07:214][643]LogModuleManager: Shutting down and abandoning module AvfMediaEditor (480)
[2017.11.10-16.42.07:214][643]LogModuleManager: Shutting down and abandoning module AndroidMediaFactory (478)
[2017.11.10-16.42.07:214][643]LogModuleManager: Shutting down and abandoning module Media (477)
[2017.11.10-16.42.07:214][643]LogModuleManager: Shutting down and abandoning module AndroidMediaEditor (474)
[2017.11.10-16.42.07:214][643]LogModuleManager: Shutting down and abandoning module CharacterAI (472)
[2017.11.10-16.42.07:214][643]LogModuleManager: Shutting down and abandoning module AudioCapture (470)
[2017.11.10-16.42.07:214][643]LogModuleManager: Shutting down and abandoning module SequenceRecorder (469)
[2017.11.10-16.42.07:214][643]LogModuleManager: Shutting down and abandoning module SmartSnapping (466)
[2017.11.10-16.42.07:214][643]LogModuleManager: Shutting down and abandoning module SessionServices (464)
[2017.11.10-16.42.07:214][643]LogModuleManager: Shutting down and abandoning module ViewportSnapping (462)
[2017.11.10-16.42.07:214][643]LogModuleManager: Shutting down and abandoning module ViewportInteraction (460)
[2017.11.10-16.42.07:215][643]LogModuleManager: Shutting down and abandoning module ClothPainter (458)
[2017.11.10-16.42.07:215][643]LogModuleManager: Shutting down and abandoning module LogVisualizer (456)
[2017.11.10-16.42.07:215][643]LogModuleManager: Shutting down and abandoning module IntroTutorials (454)
[2017.11.10-16.42.07:215][643]LogModuleManager: Shutting down and abandoning module GameProjectGeneration (453)
[2017.11.10-16.42.07:215][643]LogModuleManager: Shutting down and abandoning module IOSPlatformEditor (450)
[2017.11.10-16.42.07:215][643]LogModuleManager: Shutting down and abandoning module HTML5PlatformEditor (448)
[2017.11.10-16.42.07:215][643]LogModuleManager: Shutting down and abandoning module AndroidPlatformEditor (446)
[2017.11.10-16.42.07:215][643]LogModuleManager: Shutting down and abandoning module AndroidDeviceDetection (445)
[2017.11.10-16.42.07:743][643]LogModuleManager: Shutting down and abandoning module WindowsPlatformEditor (442)
[2017.11.10-16.42.07:743][643]LogModuleManager: Shutting down and abandoning module IOSRuntimeSettings (440)
[2017.11.10-16.42.07:743][643]LogModuleManager: Shutting down and abandoning module AndroidRuntimeSettings (438)
[2017.11.10-16.42.07:743][643]LogModuleManager: Shutting down and abandoning module InputBindingEditor (436)
[2017.11.10-16.42.07:743][643]LogModuleManager: Shutting down and abandoning module MergeActors (434)
[2017.11.10-16.42.07:743][643]LogModuleManager: Shutting down and abandoning module SizeMap (432)
[2017.11.10-16.42.07:743][643]LogModuleManager: Shutting down and abandoning module TreeMap (430)
[2017.11.10-16.42.07:743][643]LogModuleManager: Shutting down and abandoning module ReferenceViewer (428)
[2017.11.10-16.42.07:743][643]LogModuleManager: Shutting down and abandoning module LocalizationDashboard (426)
[2017.11.10-16.42.07:743][643]LogModuleManager: Shutting down and abandoning module LocalizationService (425)
[2017.11.10-16.42.07:743][643]LogModuleManager: Shutting down and abandoning module HardwareTargeting (422)
[2017.11.10-16.42.07:743][643]LogModuleManager: Shutting down and abandoning module DeviceProfileEditor (420)
[2017.11.10-16.42.07:744][643]LogModuleManager: Shutting down and abandoning module UndoHistory (418)
[2017.11.10-16.42.07:744][643]LogModuleManager: Shutting down and abandoning module XmlParser (416)
[2017.11.10-16.42.07:744][643]LogModuleManager: Shutting down and abandoning module Blutility (414)
[2017.11.10-16.42.07:744][643]LogModuleManager: Shutting down and abandoning module ProjectSettingsViewer (412)
[2017.11.10-16.42.07:744][643]LogModuleManager: Shutting down and abandoning module ProjectTargetPlatformEditor (411)
[2017.11.10-16.42.07:744][643]LogModuleManager: Shutting down and abandoning module EditorSettingsViewer (408)
[2017.11.10-16.42.07:745][643]LogModuleManager: Shutting down and abandoning module SettingsEditor (406)
[2017.11.10-16.42.07:745][643]LogModuleManager: Shutting down and abandoning module ProjectLauncher (404)
[2017.11.10-16.42.07:745][643]LogModuleManager: Shutting down and abandoning module SessionFrontend (402)
[2017.11.10-16.42.07:745][643]LogModuleManager: Shutting down and abandoning module ProfilerClient (400)
[2017.11.10-16.42.07:745][643]LogModuleManager: Shutting down and abandoning module DeviceManager (398)
[2017.11.10-16.42.07:745][643]LogModuleManager: Shutting down and abandoning module TargetDeviceServices (397)
[2017.11.10-16.42.07:808][643]LogModuleManager: Shutting down and abandoning module AutomationController (394)
[2017.11.10-16.42.07:808][643]LogModuleManager: Shutting down and abandoning module AutomationWindow (392)
[2017.11.10-16.42.07:808][643]LogModuleManager: Shutting down and abandoning module Layers (390)
[2017.11.10-16.42.07:808][643]LogModuleManager: Shutting down and abandoning module ComponentVisualizers (388)
[2017.11.10-16.42.07:808][643]LogModuleManager: Shutting down and abandoning module DetailCustomizations (386)
[2017.11.10-16.42.07:808][643]LogModuleManager: Shutting down and abandoning module PackagesDialog (384)
[2017.11.10-16.42.07:808][643]LogModuleManager: Shutting down and abandoning module Persona (382)
[2017.11.10-16.42.07:808][643]LogModuleManager: Shutting down and abandoning module AdvancedPreviewScene (381)
[2017.11.10-16.42.07:808][643]LogModuleManager: Shutting down and abandoning module AnimGraph (379)
[2017.11.10-16.42.07:808][643]LogModuleManager: Shutting down and abandoning module Kismet (376)
[2017.11.10-16.42.07:816][643]LogModuleManager: Shutting down and abandoning module ClassViewer (374)
[2017.11.10-16.42.07:818][643]LogModuleManager: Shutting down and abandoning module Toolbox (372)
[2017.11.10-16.42.07:818][643]LogModuleManager: Shutting down and abandoning module ModuleUI (370)
[2017.11.10-16.42.07:818][643]LogModuleManager: Shutting down and abandoning module MovieSceneTools (368)
[2017.11.10-16.42.07:818][643]LogModuleManager: Shutting down and abandoning module OutputLog (366)
[2017.11.10-16.42.07:818][643]LogModuleManager: Shutting down and abandoning module GammaUI (364)
[2017.11.10-16.42.07:818][643]LogModuleManager: Shutting down and abandoning module Documentation (362)
[2017.11.10-16.42.07:819][643]LogModuleManager: Shutting down and abandoning module MovieSceneTracks (360)
[2017.11.10-16.42.07:819][643]LogModuleManager: Shutting down and abandoning module MovieScene (358)
[2017.11.10-16.42.07:819][643]LogModuleManager: Shutting down and abandoning module Niagara (356)
[2017.11.10-16.42.07:819][643]LogModuleManager: Shutting down and abandoning module NiagaraEditor (355)
[2017.11.10-16.42.07:819][643]LogModuleManager: Shutting down and abandoning module StreamingPauseRendering (352)
[2017.11.10-16.42.07:819][643]LogModuleManager: Shutting down and abandoning module LauncherPlatform (350)
[2017.11.10-16.42.07:819][643]LogModuleManager: Shutting down and abandoning module AnalyticsET (348)
[2017.11.10-16.42.07:819][643]LogModuleManager: Shutting down and abandoning module PortalServices (346)
[2017.11.10-16.42.07:819][643]LogModuleManager: Shutting down and abandoning module PortalRpc (344)
[2017.11.10-16.42.07:819][643]LogModuleManager: Shutting down and abandoning module MessagingRpc (342)
[2017.11.10-16.42.07:819][643]LogModuleManager: Shutting down and abandoning module AIModule (340)
[2017.11.10-16.42.07:819][643]LogModuleManager: Shutting down and abandoning module GameplayDebugger (339)
[2017.11.10-16.42.07:819][643]LogModuleManager: Shutting down and abandoning module AITestSuite (337)
[2017.11.10-16.42.07:819][643]LogModuleManager: Shutting down and abandoning module ProfilerService (334)
[2017.11.10-16.42.07:890][643]LogModuleManager: Shutting down and abandoning module TaskGraph (332)
[2017.11.10-16.42.07:890][643]LogModuleManager: Shutting down and abandoning module SteamVRController (330)
[2017.11.10-16.42.07:890][643]LogModuleManager: Shutting down and abandoning module ProceduralMeshComponentEditor (328)
[2017.11.10-16.42.07:890][643]LogModuleManager: Shutting down and abandoning module ProceduralMeshComponent (326)
[2017.11.10-16.42.07:891][643]LogModuleManager: Shutting down and abandoning module OculusInput (324)
[2017.11.10-16.42.07:891][643]LogModuleManager: Shutting down and abandoning module MobilePatchingUtils (322)
[2017.11.10-16.42.07:891][643]LogModuleManager: Shutting down and abandoning module CustomMeshComponent (320)
[2017.11.10-16.42.07:891][643]LogModuleManager: Shutting down and abandoning module CableComponent (318)
[2017.11.10-16.42.07:891][643]LogModuleManager: Shutting down and abandoning module ArchVisCharacter (316)
[2017.11.10-16.42.07:891][643]LogModuleManager: Shutting down and abandoning module AndroidPermission (314)
[2017.11.10-16.42.07:891][643]LogModuleManager: Shutting down and abandoning module MediaPlayerEditor (310)
[2017.11.10-16.42.07:891][643]LogModuleManager: Shutting down and abandoning module HTML5Networking (308)
[2017.11.10-16.42.07:891][643]LogModuleManager: Shutting down and abandoning module AlembicImporter (306)
[2017.11.10-16.42.07:891][643]LogModuleManager: Shutting down and abandoning module AlembicLibrary (305)
[2017.11.10-16.42.07:891][643]LogModuleManager: Shutting down and abandoning module GeometryCache (304)
[2017.11.10-16.42.07:891][643]LogModuleManager: Shutting down and abandoning module GeometryCacheEd (303)
[2017.11.10-16.42.07:891][643]LogModuleManager: Shutting down and abandoning module SpeedTreeImporter (298)
[2017.11.10-16.42.07:891][643]LogModuleManager: Shutting down and abandoning module PluginBrowser (296)
[2017.11.10-16.42.07:892][643]LogModuleManager: Shutting down and abandoning module MobileLauncherProfileWizard (294)
[2017.11.10-16.42.07:892][643]LogModuleManager: Shutting down and abandoning module VisualStudioSourceCodeAccess (292)
[2017.11.10-16.42.07:892][643]LogModuleManager: Shutting down and abandoning module DesktopPlatform (291)
[2017.11.10-16.42.07:892][643]LogModuleManager: Shutting down and abandoning module UObjectPlugin (288)
[2017.11.10-16.42.07:892][643]LogModuleManager: Shutting down and abandoning module SubversionSourceControl (286)
[2017.11.10-16.42.07:892][643]LogModuleManager: Shutting down and abandoning module PerforceSourceControl (284)
[2017.11.10-16.42.07:892][643]LogModuleManager: Shutting down and abandoning module GitSourceControl (282)
[2017.11.10-16.42.07:892][643]LogModuleManager: Shutting down and abandoning module SourceControl (281)
[2017.11.10-16.42.07:892][643]LogModuleManager: Shutting down and abandoning module LightPropagationVolumeEditor (278)
[2017.11.10-16.42.07:893][643]LogModuleManager: Shutting down and abandoning module PaperTiledImporter (276)
[2017.11.10-16.42.07:893][643]LogModuleManager: Shutting down and abandoning module PaperSpriteSheetImporter (274)
[2017.11.10-16.42.07:893][643]LogModuleManager: Shutting down and abandoning module Paper2DEditor (272)
[2017.11.10-16.42.07:893][643]LogModuleManager: Shutting down and abandoning module MeshPaint (271)
[2017.11.10-16.42.07:893][643]LogModuleManager: Shutting down and abandoning module LevelEditor (269)
[2017.11.10-16.42.07:897][643]LogModuleManager: Shutting down and abandoning module PixelInspectorModule (268)
[2017.11.10-16.42.07:897][643]LogModuleManager: Shutting down and abandoning module MainFrame (266)
[2017.11.10-16.42.07:897][643]LogModuleManager: Shutting down and abandoning module HotReload (265)
[2017.11.10-16.42.07:900][643]LogModuleManager: Shutting down and abandoning module RuntimePhysXCooking (260)
[2017.11.10-16.42.07:900][643]LogModuleManager: Shutting down and abandoning module PhysXVehiclesEditor (258)
[2017.11.10-16.42.07:900][643]LogModuleManager: Shutting down and abandoning module PhysXVehicles (256)
[2017.11.10-16.42.07:900][643]LogModuleManager: Shutting down and abandoning module OculusEditor (254)
[2017.11.10-16.42.07:900][643]LogModuleManager: Shutting down and abandoning module LocationServicesBPLibrary (252)
[2017.11.10-16.42.07:900][643]LogModuleManager: Shutting down and abandoning module ImmediatePhysicsEditor (250)
[2017.11.10-16.42.07:900][643]LogModuleManager: Shutting down and abandoning module ImmediatePhysics (248)
[2017.11.10-16.42.07:900][643]LogModuleManager: Shutting down and abandoning module UdpMessaging (246)
[2017.11.10-16.42.08:001][643]LogModuleManager: Shutting down and abandoning module TcpMessaging (244)
[2017.11.10-16.42.08:101][643]LogModuleManager: Shutting down and abandoning module GameplayTagsEditor (242)
[2017.11.10-16.42.08:101][643]LogModuleManager: Shutting down and abandoning module FacialAnimationEditor (240)
[2017.11.10-16.42.08:101][643]LogModuleManager: Shutting down and abandoning module FacialAnimation (238)
[2017.11.10-16.42.08:102][643]LogModuleManager: Shutting down and abandoning module AssetManagerEditor (236)
[2017.11.10-16.42.08:102][643]LogModuleManager: Shutting down and abandoning module GraphEditor (235)
[2017.11.10-16.42.08:102][643]LogModuleManager: Shutting down and abandoning module ContentBrowser (233)
[2017.11.10-16.42.08:108][643]LogModuleManager: Shutting down and abandoning module LightPropagationVolumeRuntime (230)
[2017.11.10-16.42.08:108][643]LogModuleManager: Shutting down and abandoning module Paper2D (228)
[2017.11.10-16.42.08:108][643]LogModuleManager: Shutting down and abandoning module WindowsMoviePlayer (226)
[2017.11.10-16.42.08:108][643]LogModuleManager: Shutting down and abandoning module WmfMedia (224)
[2017.11.10-16.42.08:116][643]LogModuleManager: Shutting down and abandoning module PacketHandler (222)
[2017.11.10-16.42.08:116][643]LogModuleManager: Shutting down and abandoning module ClothingSystemEditor (220)
[2017.11.10-16.42.08:116][643]LogModuleManager: Shutting down and abandoning module ClothingSystemRuntime (218)
[2017.11.10-16.42.08:116][643]LogModuleManager: Shutting down and abandoning module Overlay (216)
[2017.11.10-16.42.08:116][643]LogModuleManager: Shutting down and abandoning module OverlayEditor (215)
[2017.11.10-16.42.08:116][643]LogModuleManager: Shutting down and abandoning module MediaAssets (212)
[2017.11.10-16.42.08:116][643]LogModuleManager: Shutting down and abandoning module VREditor (210)
[2017.11.10-16.42.08:117][643]LogModuleManager: Shutting down and abandoning module StringTableEditor (208)
[2017.11.10-16.42.08:117][643]LogModuleManager: Shutting down and abandoning module GameplayTasksEditor (206)
[2017.11.10-16.42.08:117][643]LogModuleManager: Shutting down and abandoning module BehaviorTreeEditor (204)
[2017.11.10-16.42.08:117][643]LogModuleManager: Shutting down and abandoning module FunctionalTesting (202)
[2017.11.10-16.42.08:117][643]LogModuleManager: Shutting down and abandoning module CollisionAnalyzer (200)
[2017.11.10-16.42.08:117][643]LogModuleManager: Shutting down and abandoning module WorkspaceMenuStructure (199)
[2017.11.10-16.42.08:117][643]LogModuleManager: Shutting down and abandoning module UMG (196)
[2017.11.10-16.42.08:117][643]LogModuleManager: Shutting down and abandoning module UMGEditor (195)
[2017.11.10-16.42.08:117][643]LogModuleManager: Shutting down and abandoning module Sequencer (194)
[2017.11.10-16.42.08:118][643]LogModuleManager: Shutting down and abandoning module MessageLog (191)
[2017.11.10-16.42.08:118][643]LogModuleManager: Shutting down and abandoning module SlateReflector (186)
[2017.11.10-16.42.08:118][643]LogModuleManager: Shutting down and abandoning module Slate (184)
[2017.11.10-16.42.08:118][643]LogModuleManager: Shutting down and abandoning module EditorStyle (182)
[2017.11.10-16.42.08:130][643]LogModuleManager: Shutting down and abandoning module MRMesh (180)
[2017.11.10-16.42.08:130][643]LogModuleManager: Shutting down and abandoning module SourceCodeAccess (178)
[2017.11.10-16.42.08:130][643]LogModuleManager: Shutting down and abandoning module HeadMountedDisplay (176)
[2017.11.10-16.42.08:130][643]LogModuleManager: Shutting down and abandoning module XAudio2 (174)
[2017.11.10-16.42.08:130][643]LogModuleManager: Shutting down and abandoning module Networking (172)
[2017.11.10-16.42.08:130][643]LogModuleManager: Shutting down and abandoning module Core (168)
[2017.11.10-16.42.08:130][643]LogModuleManager: Shutting down and abandoning module KismetCompiler (164)
[2017.11.10-16.42.08:130][643]LogModuleManager: Shutting down and abandoning module LevelSequence (162)
[2017.11.10-16.42.08:130][643]LogModuleManager: Shutting down and abandoning module MeshUtilities (160)
[2017.11.10-16.42.08:130][643]LogModuleManager: Shutting down and abandoning module MeshMergeUtilities (159)
[2017.11.10-16.42.08:131][643]LogModuleManager: Shutting down and abandoning module MeshReductionInterface (158)
[2017.11.10-16.42.08:131][643]LogModuleManager: Shutting down and abandoning module SimplygonSwarm (157)
[2017.11.10-16.42.08:131][643]LogModuleManager: Shutting down and abandoning module SimplygonMeshReduction (155)
[2017.11.10-16.42.08:131][643]LogModuleManager: Shutting down and abandoning module QuadricMeshReduction (153)
[2017.11.10-16.42.08:131][643]LogModuleManager: Shutting down and abandoning module MaterialBaking (149)
[2017.11.10-16.42.08:131][643]LogModuleManager: Shutting down and abandoning module DirectoryWatcher (146)
[2017.11.10-16.42.08:152][643]LogModuleManager: Shutting down and abandoning module DerivedDataCache (144)
[2017.11.10-16.42.08:185][643]LogDerivedDataCache: Shutdown
[2017.11.10-16.42.08:185][643]LogModuleManager: Shutting down and abandoning module TargetPlatform (142)
[2017.11.10-16.42.08:185][643]LogModuleManager: Shutting down and abandoning module VulkanShaderFormat (141)
[2017.11.10-16.42.08:185][643]LogModuleManager: Shutting down and abandoning module ShaderFormatVectorVM (139)
[2017.11.10-16.42.08:185][643]LogModuleManager: Shutting down and abandoning module ShaderFormatOpenGL (137)
[2017.11.10-16.42.08:185][643]LogModuleManager: Shutting down and abandoning module ShaderFormatD3D (135)
[2017.11.10-16.42.08:185][643]LogModuleManager: Shutting down and abandoning module MetalShaderFormat (133)
[2017.11.10-16.42.08:186][643]LogModuleManager: Shutting down and abandoning module TextureFormatUncompressed (131)
[2017.11.10-16.42.08:186][643]LogModuleManager: Shutting down and abandoning module TextureFormatPVR (129)
[2017.11.10-16.42.08:186][643]LogModuleManager: Shutting down and abandoning module TextureFormatDXT (127)
[2017.11.10-16.42.08:186][643]LogModuleManager: Shutting down and abandoning module TextureFormatIntelISPCTexComp (125)
[2017.11.10-16.42.08:186][643]LogModuleManager: Shutting down and abandoning module TextureFormatASTC (123)
[2017.11.10-16.42.08:186][643]LogModuleManager: Shutting down and abandoning module ImageWrapper (122)
[2017.11.10-16.42.08:186][643]LogModuleManager: Shutting down and abandoning module TextureFormatAndroid (119)
[2017.11.10-16.42.08:186][643]LogModuleManager: Shutting down and abandoning module AudioFormatOpus (117)
[2017.11.10-16.42.08:186][643]LogModuleManager: Shutting down and abandoning module AudioFormatOgg (115)
[2017.11.10-16.42.08:187][643]LogModuleManager: Shutting down and abandoning module AudioFormatADPCM (113)
[2017.11.10-16.42.08:187][643]LogModuleManager: Shutting down and abandoning module LinuxTargetPlatform (111)
[2017.11.10-16.42.08:187][643]LogModuleManager: Shutting down and abandoning module LinuxServerTargetPlatform (109)
[2017.11.10-16.42.08:187][643]LogModuleManager: Shutting down and abandoning module LinuxNoEditorTargetPlatform (107)
[2017.11.10-16.42.08:187][643]LogModuleManager: Shutting down and abandoning module LinuxClientTargetPlatform (105)
[2017.11.10-16.42.08:187][643]LogModuleManager: Shutting down and abandoning module TVOSTargetPlatform (103)
[2017.11.10-16.42.08:187][643]LogModuleManager: Shutting down and abandoning module Messaging (101)
[2017.11.10-16.42.08:187][643]LogModuleManager: Shutting down and abandoning module IOSTargetPlatform (99)
[2017.11.10-16.42.08:187][643]LogModuleManager: Shutting down and abandoning module HTML5TargetPlatform (97)
[2017.11.10-16.42.08:187][643]LogModuleManager: Shutting down and abandoning module Android_PVRTCTargetPlatform (95)
[2017.11.10-16.42.08:187][643]LogModuleManager: Shutting down and abandoning module Android_MultiTargetPlatform (93)
[2017.11.10-16.42.08:187][643]LogModuleManager: Shutting down and abandoning module Android_ETC2TargetPlatform (91)
[2017.11.10-16.42.08:188][643]LogModuleManager: Shutting down and abandoning module Android_ETC1TargetPlatform (89)
[2017.11.10-16.42.08:188][643]LogModuleManager: Shutting down and abandoning module Android_DXTTargetPlatform (87)
[2017.11.10-16.42.08:188][643]LogModuleManager: Shutting down and abandoning module Android_ATCTargetPlatform (85)
[2017.11.10-16.42.08:188][643]LogModuleManager: Shutting down and abandoning module Android_ASTCTargetPlatform (83)
[2017.11.10-16.42.08:188][643]LogModuleManager: Shutting down and abandoning module AndroidTargetPlatform (81)
[2017.11.10-16.42.08:188][643]LogModuleManager: Shutting down and abandoning module WindowsTargetPlatform (79)
[2017.11.10-16.42.08:188][643]LogModuleManager: Shutting down and abandoning module WindowsServerTargetPlatform (77)
[2017.11.10-16.42.08:188][643]LogModuleManager: Shutting down and abandoning module WindowsNoEditorTargetPlatform (75)
[2017.11.10-16.42.08:188][643]LogModuleManager: Shutting down and abandoning module WindowsClientTargetPlatform (73)
[2017.11.10-16.42.08:188][643]LogModuleManager: Shutting down and abandoning module MacTargetPlatform (71)
[2017.11.10-16.42.08:188][643]LogModuleManager: Shutting down and abandoning module MacServerTargetPlatform (69)
[2017.11.10-16.42.08:188][643]LogModuleManager: Shutting down and abandoning module MacNoEditorTargetPlatform (67)
[2017.11.10-16.42.08:188][643]LogModuleManager: Shutting down and abandoning module MacClientTargetPlatform (65)
[2017.11.10-16.42.08:189][643]LogModuleManager: Shutting down and abandoning module AllDesktopTargetPlatform (63)
[2017.11.10-16.42.08:189][643]LogModuleManager: Shutting down and abandoning module InputCore (60)
[2017.11.10-16.42.08:189][643]LogModuleManager: Shutting down and abandoning module Settings (58)
[2017.11.10-16.42.08:189][643]LogModuleManager: Shutting down and abandoning module PhysXCooking (56)
[2017.11.10-16.42.08:189][643]LogModuleManager: Shutting down and abandoning module SteamVR (54)
[2017.11.10-16.42.08:189][643]LogModuleManager: Shutting down and abandoning module OculusHMD (52)
[2017.11.10-16.42.08:189][643]LogModuleManager: Shutting down and abandoning module ExampleDeviceProfileSelector (50)
[2017.11.10-16.42.08:189][643]LogModuleManager: Shutting down and abandoning module OnlineBlueprintSupport (48)
[2017.11.10-16.42.08:189][643]LogModuleManager: Shutting down and abandoning module OnlineSubsystem (44)
[2017.11.10-16.42.08:189][643]LogOnline: Display: Unloading online subsystem: NULL
[2017.11.10-16.42.08:189][643]LogModuleManager: Shutting down and abandoning module XMPP (43)
[2017.11.10-16.42.08:190][643]LogModuleManager: Shutting down and abandoning module HTTP (41)
[2017.11.10-16.42.08:190][643]LogHttp: Display: Http module shutting down, but needs to wait on 1 outstanding Http requests:
[2017.11.10-16.42.08:190][643]LogHttp: Display: 	verb=[POST] url=[https://datarouter.ol.epicgames.com/datarouter/api/v1/public/data?SessionID=%7BA8A44E59-4F4C-D418-80F2-AB8F9A01DE97%7D&AppID=UEEditor.Rocket.Release&AppVersion=4.17.2-3658906%2B%2B%2BUE4%2BRelease-4.17&UserID=ed658dc34b12c1ba1dd21495db2ab4b4%7Cd44613f362b74de0b0dc463295728989%7C4fbef331-df36-4232-a2e1-bdf8e57b4723&AppEnvironment=datacollector-binary&UploadType=eteventstream] status=Processing
[2017.11.10-16.42.08:218][643]LogModuleManager: Shutting down and abandoning module SSL (40)
[2017.11.10-16.42.08:224][643]LogModuleManager: Shutting down and abandoning module AnimationModifiers (36)
[2017.11.10-16.42.08:224][643]LogModuleManager: Shutting down and abandoning module PropertyEditor (35)
[2017.11.10-16.42.08:225][643]LogModuleManager: Shutting down and abandoning module AudioEditor (32)
[2017.11.10-16.42.08:225][643]LogModuleManager: Shutting down and abandoning module TextureCompressor (30)
[2017.11.10-16.42.08:225][643]LogModuleManager: Shutting down and abandoning module ShaderCore (28)
[2017.11.10-16.42.08:225][643]LogModuleManager: Shutting down and abandoning module Landscape (26)
[2017.11.10-16.42.08:225][643]LogModuleManager: Shutting down and abandoning module SlateRHIRenderer (24)
[2017.11.10-16.42.08:242][643]LogModuleManager: Shutting down and abandoning module OpenGLDrv (22)
[2017.11.10-16.42.08:242][643]LogModuleManager: Shutting down and abandoning module D3D11RHI (20)
[2017.11.10-16.42.08:242][643]LogModuleManager: Shutting down and abandoning module AnimGraphRuntime (18)
[2017.11.10-16.42.08:242][643]LogModuleManager: Shutting down and abandoning module Renderer (16)
[2017.11.10-16.42.08:243][643]LogModuleManager: Shutting down and abandoning module Engine (14)
[2017.11.10-16.42.08:243][643]LogModuleManager: Shutting down and abandoning module CoreUObject (12)
[2017.11.10-16.42.08:243][643]LogModuleManager: Shutting down and abandoning module NetworkFile (10)
[2017.11.10-16.42.08:243][643]LogModuleManager: Shutting down and abandoning module CookedIterativeFile (8)
[2017.11.10-16.42.08:243][643]LogModuleManager: Shutting down and abandoning module StreamingFile (6)
[2017.11.10-16.42.08:243][643]LogModuleManager: Shutting down and abandoning module SandboxFile (4)
[2017.11.10-16.42.08:243][643]LogModuleManager: Shutting down and abandoning module PakFile (2)
[2017.11.10-16.42.08:248][643]LogExit: Exiting.
[2017.11.10-16.42.08:309][643]Log file closed, 11/10/17 11:42:08
