Log file open, 11/10/17 18:02:30
LogWindows: Failed to load 'aqProf.dll' (GetLastError=126)
LogWindows: File 'aqProf.dll' does not exist
LogWindows: Failed to load 'VtuneApi.dll' (GetLastError=126)
LogWindows: File 'VtuneApi.dll' does not exist
LogWindows: Failed to load 'VtuneApi32e.dll' (GetLastError=126)
LogWindows: File 'VtuneApi32e.dll' does not exist
LogInit: Display: Running engine for game: FlyingAria
LogPlatformFile: Not using cached read wrapper
LogInit: Display: RandInit(-1923720533) SRandInit(-1923720533).
LogTaskGraph: Started task graph with 5 named threads and 14 total threads with 3 sets of task threads.
LogStats: Stats thread started at 0.183435
LogD3D11RHI: Aftermath initialized
LogPluginManager: Mounting plugin Paper2D
LogPluginManager: Mounting plugin LightPropagationVolume
LogPluginManager: Mounting plugin CodeLiteSourceCodeAccess
LogPluginManager: Mounting plugin GitSourceControl
LogPluginManager: Mounting plugin KDevelopSourceCodeAccess
LogPluginManager: Mounting plugin NullSourceCodeAccess
LogPluginManager: Mounting plugin PerforceSourceControl
LogPluginManager: Mounting plugin SubversionSourceControl
LogPluginManager: Mounting plugin UObjectPlugin
LogPluginManager: Mounting plugin VisualStudioSourceCodeAccess
LogPluginManager: Mounting plugin XCodeSourceCodeAccess
LogPluginManager: Mounting plugin AssetManagerEditor
LogPluginManager: Mounting plugin AudioCapture
LogPluginManager: Mounting plugin FacialAnimation
LogPluginManager: Mounting plugin GameplayTagsEditor
LogPluginManager: Mounting plugin MobileLauncherProfileWizard
LogPluginManager: Mounting plugin PluginBrowser
LogPluginManager: Mounting plugin SpeedTreeImporter
LogPluginManager: Mounting plugin AlembicImporter
LogPluginManager: Mounting plugin CharacterAI
LogPluginManager: Mounting plugin HTML5Networking
LogPluginManager: Mounting plugin AndroidMedia
LogPluginManager: Mounting plugin AvfMedia
LogPluginManager: Mounting plugin MediaPlayerEditor
LogPluginManager: Mounting plugin WmfMedia
LogPluginManager: Mounting plugin TcpMessaging
LogPluginManager: Mounting plugin UdpMessaging
LogPluginManager: Mounting plugin LevelSequenceEditor
LogPluginManager: Mounting plugin MatineeToLevelSequence
LogPluginManager: Mounting plugin OnlineSubsystemGooglePlay
LogPluginManager: Mounting plugin OnlineSubsystemIOS
LogPluginManager: Mounting plugin OnlineSubsystem
LogPluginManager: Mounting plugin OnlineSubsystemNull
LogPluginManager: Mounting plugin OnlineSubsystemUtils
LogPluginManager: Mounting plugin AndroidDeviceProfileSelector
LogPluginManager: Mounting plugin AndroidMoviePlayer
LogPluginManager: Mounting plugin AndroidPermission
LogPluginManager: Mounting plugin AppleMoviePlayer
LogPluginManager: Mounting plugin ArchVisCharacter
LogPluginManager: Mounting plugin CableComponent
LogPluginManager: Mounting plugin CustomMeshComponent
LogPluginManager: Mounting plugin ExampleDeviceProfileSelector
LogPluginManager: Mounting plugin GoogleCloudMessaging
LogPluginManager: Mounting plugin ImmediatePhysics
LogPluginManager: Mounting plugin IOSDeviceProfileSelector
LogPluginManager: Mounting plugin LinuxDeviceProfileSelector
LogPluginManager: Mounting plugin LocationServicesBPLibrary
LogPluginManager: Mounting plugin MobilePatchingUtils
LogPluginManager: Mounting plugin OculusVR
LogPluginManager: Mounting plugin PhysXVehicles
LogPluginManager: Mounting plugin ProceduralMeshComponent
LogPluginManager: Mounting plugin RuntimePhysXCooking
LogPluginManager: Mounting plugin SteamVR
LogPluginManager: Mounting plugin WindowsMoviePlayer
LogInit: Using libcurl 7.47.1
LogInit:  - built for x86_64-pc-win32
LogInit:  - supports SSL with OpenSSL/1.0.2g
LogInit:  - supports HTTP deflate (compression) using libz 1.2.8
LogInit:  - other features:
LogInit:      CURL_VERSION_SSL
LogInit:      CURL_VERSION_LIBZ
LogInit:      CURL_VERSION_IPV6
LogInit:      CURL_VERSION_ASYNCHDNS
LogInit:      CURL_VERSION_LARGEFILE
LogInit:      CURL_VERSION_IDN
LogInit:  CurlRequestOptions (configurable via config and command line):
LogInit:  - bVerifyPeer = false  - Libcurl will NOT verify peer certificate
LogInit:  - bUseHttpProxy = false  - Libcurl will NOT use HTTP proxy
LogInit:  - bDontReuseConnections = false  - Libcurl will reuse connections
LogInit:  - CertBundlePath = nullptr  - Libcurl will use whatever was configured at build time.
LogInit: Build: ++UE4+Release-4.17-CL-3658906
LogInit: Engine Version: 4.17.2-3658906+++UE4+Release-4.17
LogInit: Compatible Engine Version: 4.17.0-3573198+++UE4+Release-4.17
LogInit: Net CL: 3573198
LogDevObjectVersion: Number of dev versions registered: 16
LogDevObjectVersion:   Dev-Blueprints (B0D832E4-1F89-4F0D-ACCF-7EB736FD4AA2): 10
LogDevObjectVersion:   Dev-Build (E1C64328-A22C-4D53-A36C-8E866417BD8C): 0
LogDevObjectVersion:   Dev-Core (375EC13C-06E4-48FB-B500-84F0262A717E): 2
LogDevObjectVersion:   Dev-Editor (E4B068ED-F494-42E9-A231-DA0B2E46BB41): 20
LogDevObjectVersion:   Dev-Framework (CFFC743F-43B0-4480-9391-14DF171D2073): 28
LogDevObjectVersion:   Dev-Mobile (B02B49B5-BB20-44E9-A304-32B752E40360): 0
LogDevObjectVersion:   Dev-Networking (A4E4105C-59A1-49B5-A7C5-40C4547EDFEE): 0
LogDevObjectVersion:   Dev-Online (39C831C9-5AE6-47DC-9A44-9C173E1C8E7C): 0
LogDevObjectVersion:   Dev-Physics (78F01B33-EBEA-4F98-B9B4-84EACCB95AA2): 0
LogDevObjectVersion:   Dev-Platform (6631380F-2D4D-43E0-8009-CF276956A95A): 0
LogDevObjectVersion:   Dev-Rendering (12F88B9F-8875-4AFC-A67C-D90C383ABD29): 19
LogDevObjectVersion:   Dev-Sequencer (7B5AE74C-D270-4C10-A958-57980B212A5A): 4
LogDevObjectVersion:   Dev-VR (D7296918-1DD6-4BDD-9DE2-64A83CC13884): 0
LogDevObjectVersion:   Dev-LoadTimes (C2A15278-BFE7-4AFE-6C17-90FF531DF755): 1
LogDevObjectVersion:   Private-Geometry (6EACA3D4-40EC-4CC1-B786-8BED09428FC5): 1
LogDevObjectVersion:   Dev-AnimPhys (29E575DD-E0A3-4627-9D10-D276232CDCEA): 7
LogInit: Compiled (64-bit): Sep 22 2017 13:47:16
LogInit: Compiled with Visual C++: 19.00.24215.01
LogInit: Build Configuration: Development
LogInit: Branch Name: ++UE4+Release-4.17
LogInit: Command line: 
LogInit: Base directory: C:/Program Files/Epic Games/UE_4.17/Engine/Binaries/Win64/
LogInit: Installed Engine Build: 1
LogInit: Presizing for max 8388607 objects, including 0 objects not considered by GC, pre-allocating 0 bytes for permanent pool.
LogInit: Object subsystem initialized
[2017.11.10-23.02.31:403][  0]LogInit: Selected Device Profile: [Windows]
[2017.11.10-23.02.31:403][  0]LogInit: Applying CVar settings loaded from the selected device profile: [Windows]
[2017.11.10-23.02.31:456][  0]LogInit: Computer: LAPTOP-2SK5NFL4
[2017.11.10-23.02.31:456][  0]LogInit: User: dueli
[2017.11.10-23.02.31:456][  0]LogInit: CPU Page size=4096, Cores=4
[2017.11.10-23.02.31:456][  0]LogInit: High frequency timer resolution =2.531253 MHz
[2017.11.10-23.02.31:456][  0]LogMemory: Memory total: Physical=7.8GB (8GB approx)
[2017.11.10-23.02.31:456][  0]LogMemory: Platform Memory Stats for Windows
[2017.11.10-23.02.31:456][  0]LogMemory: Process Physical Memory: 278.96 MB used, 278.96 MB peak
[2017.11.10-23.02.31:456][  0]LogMemory: Process Virtual Memory: 274.41 MB used, 274.41 MB peak
[2017.11.10-23.02.31:456][  0]LogMemory: Physical Memory: 4250.86 MB used,  3768.92 MB free, 8019.78 MB total
[2017.11.10-23.02.31:456][  0]LogMemory: Virtual Memory: 702.38 MB used,  3768.92 MB free, 134217728.00 MB total
[2017.11.10-23.02.31:700][  0]LogInit: Using OS detected language (en-US).
[2017.11.10-23.02.31:700][  0]LogInit: Using OS detected locale (en-US).
[2017.11.10-23.02.31:703][  0]LogTextLocalizationManager: No specific localization for 'en-US' exists, so the 'en' localization will be used.
[2017.11.10-23.02.32:478][  0]LogD3D11RHI: D3D11 adapters:
[2017.11.10-23.02.32:529][  0]LogD3D11RHI:    0. 'NVIDIA GeForce GTX 960M' (Feature Level 11_0)
[2017.11.10-23.02.32:529][  0]LogD3D11RHI:       2019/0/4009 MB DedicatedVideo/DedicatedSystem/SharedSystem, Outputs:1, VendorId:0x10de
[2017.11.10-23.02.32:536][  0]LogD3D11RHI:    1. 'Intel(R) HD Graphics 530' (Feature Level 11_0)
[2017.11.10-23.02.32:536][  0]LogD3D11RHI:       128/0/4009 MB DedicatedVideo/DedicatedSystem/SharedSystem, Outputs:0, VendorId:0x8086
[2017.11.10-23.02.32:538][  0]LogD3D11RHI:    2. 'Microsoft Basic Render Driver' (Feature Level 11_0)
[2017.11.10-23.02.32:538][  0]LogD3D11RHI:       0/0/4009 MB DedicatedVideo/DedicatedSystem/SharedSystem, Outputs:0, VendorId:0x1414
[2017.11.10-23.02.32:538][  0]LogD3D11RHI: Chosen D3D11 Adapter: 0
[2017.11.10-23.02.32:545][  0]LogD3D11RHI: Creating new Direct3DDevice
[2017.11.10-23.02.32:545][  0]LogD3D11RHI:     GPU DeviceId: 0x139b (for the marketing name, search the web for "GPU Device Id")
[2017.11.10-23.02.32:545][  0]LogWindows: EnumDisplayDevices:
[2017.11.10-23.02.32:545][  0]LogWindows:    0. 'Intel(R) HD Graphics 530' (P:1 D:1)
[2017.11.10-23.02.32:545][  0]LogWindows:    1. 'Intel(R) HD Graphics 530' (P:0 D:0)
[2017.11.10-23.02.32:545][  0]LogWindows:    2. 'Intel(R) HD Graphics 530' (P:0 D:0)
[2017.11.10-23.02.32:545][  0]LogWindows: DebugString: GetVideoDriverDetailsInvalid PrimaryIsNotTheChoosenAdapter GetVideoDriverDetailsInvalid PrimaryIsNotTheChoosenAdapter GetVideoDriverDetailsInvalid PrimaryIsNotTheChoosenAdapter FoundDriverCount:0 
[2017.11.10-23.02.32:545][  0]LogD3D11RHI:     Adapter Name: NVIDIA GeForce GTX 960M
[2017.11.10-23.02.32:545][  0]LogD3D11RHI:   Driver Version: Unknown (internal:Unknown, unified:Unknown)
[2017.11.10-23.02.32:545][  0]LogD3D11RHI:      Driver Date: Unknown
[2017.11.10-23.02.32:545][  0]LogRHI: Texture pool is 1361 MB (70% of 1945 MB)
[2017.11.10-23.02.32:572][  0]LogD3D11RHI: Async texture creation enabled
[2017.11.10-23.02.32:596][  0]LogD3D11RHI: GPU Timing Frequency: 1000.000000 (Debug: 2 1)
[2017.11.10-23.02.32:597][  0]LogShaderCompilers: Guid format shader working directory is -21 characters bigger than the processId version (../../../../../../Users/dueli/Documents/Unreal Projects/FlyingAria/Intermediate/Shaders/WorkingDirectory/21152/).
[2017.11.10-23.02.32:597][  0]LogShaderCompilers: Cleaned the shader compiler working directory 'C:/Users/dueli/AppData/Local/Temp/UnrealShaderWorkingDir/000B21D24DB245E2673F20A6B053B135/'.
[2017.11.10-23.02.32:597][  0]LogShaderCompilers: Display: Using Local Shader Compiler.
[2017.11.10-23.02.33:665][  0]LogTemp: Display: Loaded TP AllDesktopTargetPlatform
[2017.11.10-23.02.33:734][  0]LogTemp: Display: Loaded TP MacClientTargetPlatform
[2017.11.10-23.02.33:803][  0]LogTemp: Display: Loaded TP MacNoEditorTargetPlatform
[2017.11.10-23.02.33:873][  0]LogTemp: Display: Loaded TP MacServerTargetPlatform
[2017.11.10-23.02.33:972][  0]LogTemp: Display: Loaded TP MacTargetPlatform
[2017.11.10-23.02.34:041][  0]LogTemp: Display: Loaded TP WindowsClientTargetPlatform
[2017.11.10-23.02.34:109][  0]LogTemp: Display: Loaded TP WindowsNoEditorTargetPlatform
[2017.11.10-23.02.34:178][  0]LogTemp: Display: Loaded TP WindowsServerTargetPlatform
[2017.11.10-23.02.34:241][  0]LogTemp: Display: Loaded TP WindowsTargetPlatform
[2017.11.10-23.02.34:312][  0]LogTemp: Display: Loaded TP AndroidTargetPlatform
[2017.11.10-23.02.34:396][  0]LogTemp: Display: Loaded TP Android_ASTCTargetPlatform
[2017.11.10-23.02.34:465][  0]LogTemp: Display: Loaded TP Android_ATCTargetPlatform
[2017.11.10-23.02.34:530][  0]LogTemp: Display: Loaded TP Android_DXTTargetPlatform
[2017.11.10-23.02.34:606][  0]LogTemp: Display: Loaded TP Android_ETC1TargetPlatform
[2017.11.10-23.02.34:670][  0]LogTemp: Display: Loaded TP Android_ETC2TargetPlatform
[2017.11.10-23.02.34:802][  0]LogTemp: Display: Loaded TP Android_MultiTargetPlatform
[2017.11.10-23.02.34:802][  0]LogTemp: Display: Loaded TP Android_PVRTCTargetPlatform
[2017.11.10-23.02.34:874][  0]LogTemp: Display: Loaded TP HTML5TargetPlatform
[2017.11.10-23.02.35:023][  0]LogTemp: Display: Loaded TP IOSTargetPlatform
[2017.11.10-23.02.35:058][  0]LogTemp: Display: Loaded TP TVOSTargetPlatform
[2017.11.10-23.02.35:123][  0]LogTemp: Display: Loaded TP LinuxClientTargetPlatform
[2017.11.10-23.02.35:190][  0]LogTemp: Display: Loaded TP LinuxNoEditorTargetPlatform
[2017.11.10-23.02.35:277][  0]LogTemp: Display: Loaded TP LinuxServerTargetPlatform
[2017.11.10-23.02.35:344][  0]LogTemp: Display: Loaded TP LinuxTargetPlatform
[2017.11.10-23.02.35:344][  0]LogTargetPlatformManager: Display: Building Assets For Windows
[2017.11.10-23.02.36:009][  0]LogDerivedDataCache: Display: Max Cache Size: 512 MB
[2017.11.10-23.02.36:106][  0]LogDerivedDataCache: Loaded boot cache 0.10s 93MB C:/Users/dueli/AppData/Local/UnrealEngine/4.17/DerivedDataCache/Boot.ddc.
[2017.11.10-23.02.36:106][  0]LogDerivedDataCache: Display: Loaded Boot cache: C:/Users/dueli/AppData/Local/UnrealEngine/4.17/DerivedDataCache/Boot.ddc
[2017.11.10-23.02.36:106][  0]LogDerivedDataCache: FDerivedDataBackendGraph:  Pak pak cache file ../../../../../../Users/dueli/Documents/Unreal Projects/FlyingAria/DerivedDataCache/DDC.ddp not found, will not use a pak cache.
[2017.11.10-23.02.36:106][  0]LogDerivedDataCache: Unable to find inner node Pak for hierarchical cache Hierarchy.
[2017.11.10-23.02.36:106][  0]LogDerivedDataCache: FDerivedDataBackendGraph:  CompressedPak pak cache file ../../../../../../Users/dueli/Documents/Unreal Projects/FlyingAria/DerivedDataCache/Compressed.ddp not found, will not use a pak cache.
[2017.11.10-23.02.36:106][  0]LogDerivedDataCache: Unable to find inner node CompressedPak for hierarchical cache Hierarchy.
[2017.11.10-23.02.36:123][  0]LogDerivedDataCache: Display: Pak cache opened for reading ../../../Engine/DerivedDataCache/Compressed.ddp.
[2017.11.10-23.02.36:136][  0]LogDerivedDataCache: Using Local data cache path C:/Users/dueli/AppData/Local/UnrealEngine/Common/DerivedDataCache: Writable
[2017.11.10-23.02.36:146][  0]LogMaterial: Verifying Global Shaders for PCD3D_SM5
[2017.11.10-23.02.36:147][  0]LogSlate: Using Freetype 2.6.0
[2017.11.10-23.02.36:147][  0]LogSlate: SlateFontCache - WITH_FREETYPE: 1, WITH_HARFBUZZ: 1
[2017.11.10-23.02.36:148][  0]LogSlate: SlateFontCache - WITH_FREETYPE: 1, WITH_HARFBUZZ: 1
[2017.11.10-23.02.36:475][  0]LogAssetRegistry: FAssetRegistry took 0.0326 seconds to start up
[2017.11.10-23.02.36:628][  0]LogInit: Selected Device Profile: [Windows]
[2017.11.10-23.02.37:120][  0]LogSimplygon: Simplygon DLL not present - disabling.
[2017.11.10-23.02.37:177][  0]LogMeshReduction: Using SimplygonSwarm for distributed automatic mesh merging
[2017.11.10-23.02.37:177][  0]LogMeshReduction: Using QuadricMeshReduction for automatic static mesh reduction
[2017.11.10-23.02.37:177][  0]LogMeshReduction: No automatic skeletal mesh reduction module available
[2017.11.10-23.02.37:177][  0]LogMeshReduction: No automatic mesh merging module available
[2017.11.10-23.02.37:177][  0]LogMeshMerging: No automatic mesh merging module available
[2017.11.10-23.02.37:192][  0]LogContentStreaming: Texture pool size is 0.00 MB
[2017.11.10-23.02.37:689][  0]LogNetVersion: FlyingAria , NetCL: 3573198, EngineNetVer: 2, GameNetVer: 0 (Checksum: 1908303000)
[2017.11.10-23.02.37:983][  0]LogPackageLocalizationCache: Processed 5 localized package path(s) for 2 prioritized culture(s) in 0.079147 seconds
[2017.11.10-23.02.37:988][  0]LogUObjectArray: 35825 objects as part of root set at end of initial load.
[2017.11.10-23.02.37:989][  0]LogUObjectAllocator: 7529112 out of 0 bytes used by permanent object pool.
[2017.11.10-23.02.37:989][  0]LogUObjectArray: CloseDisregardForGC: 0/0 objects in disregard for GC pool
[2017.11.10-23.02.38:068][  0]LogInit: WinSock: version 1.1 (2.2), MaxSocks=32767, MaxUdp=65467
[2017.11.10-23.02.41:534][  0]LogTcpMessaging: Initializing TcpMessaging bridge
[2017.11.10-23.02.41:604][  0]LogUdpMessaging: Initializing bridge on interface 0.0.0.0:0 to multicast group 230.0.0.1:6666.
[2017.11.10-23.02.41:605][  0]FUdpSocketBuilder: Failed to subscribe UdpMessageMulticastSocket to multicast group 230.0.0.1
[2017.11.10-23.02.41:605][  0]FUdpSocketBuilder: Failed to create and initialize socket UdpMessageMulticastSocket (last error: 0)
[2017.11.10-23.02.41:605][  0]LogUdpMessaging: Warning: StartTransport failed to create multicast socket on 0.0.0.0:0, joined to 230.0.0.1:6666 with TTL 1
[2017.11.10-23.02.42:636][  0]LogMaterial: Uniform references updated for custom material expression Custom.
[2017.11.10-23.02.43:238][  0]SourceControl: Source control is disabled
[2017.11.10-23.02.43:238][  0]SourceControl: Source control is disabled
[2017.11.10-23.02.43:305][  0]SourceControl: Source control is disabled
[2017.11.10-23.02.43:372][  0]SourceControl: Source control is disabled
[2017.11.10-23.02.44:284][  0]LogAndroidPermission: UAndroidPermissionCallbackProxy::GetInstance
[2017.11.10-23.02.44:768][  0]LogOcInput: OculusInput pre-init called
[2017.11.10-23.02.45:215][  0]LogEngine: Initializing Engine...
[2017.11.10-23.02.45:217][  0]LogHMD: Failed to initialize OpenVR with code 110
[2017.11.10-23.02.45:460][  0]LogStats: UGameplayTagsManager::ConstructGameplayTagTree: Construct from data asset -  0.000 s
[2017.11.10-23.02.45:460][  0]LogStats: UGameplayTagsManager::ConstructGameplayTagTree: GameplayTagTreeChangedEvent.Broadcast -  0.000 s
[2017.11.10-23.02.45:643][  0]LogAIModule: Creating AISystem for world Untitled
[2017.11.10-23.02.45:652][  0]LogInit: XAudio2 using 'Speakers (Realtek High Definition Audio)' : 2 channels at 48 kHz using 32 bits per sample (channel mask 0x3)
[2017.11.10-23.02.45:698][  0]LogInit: FAudioDevice initialized.
[2017.11.10-23.02.46:006][  0]LogDerivedDataCache: Saved boot cache 0.31s 93MB C:/Users/dueli/AppData/Local/UnrealEngine/4.17/DerivedDataCache/Boot.ddc.
[2017.11.10-23.02.46:045][  0]LogInit: Texture streaming: Enabled
[2017.11.10-23.02.46:214][  0]LogEngineSessionManager: EngineSessionManager initialized
[2017.11.10-23.02.46:522][  0]LogInit: Transaction tracking system initialized
[2017.11.10-23.02.46:987][  0]BlueprintLog: New page: Editor Load
[2017.11.10-23.02.48:318][  0]LocalizationService: Localization service is disabled
[2017.11.10-23.02.49:493][  0]LogConsoleResponse: Display: 
[2017.11.10-23.02.49:742][  0]LogCook: Display: Max memory allowance for cook 16384mb min free memory 0mb
[2017.11.10-23.02.49:742][  0]LogCook: Display: Mobile HDR setting 1
[2017.11.10-23.02.49:742][  0]LogGameplayTags: Display: UGameplayTagsManager::DoneAddingNativeTags. DelegateIsBound: 0
[2017.11.10-23.02.50:188][  0]LogFileCache: Scanning file cache for directory 'C:/Users/dueli/Documents/Unreal Projects/FlyingAria/Content/' took 0.02s
[2017.11.10-23.02.51:319][  0]SourceControl: Source control is disabled
[2017.11.10-23.02.51:319][  0]Cmd: MAP LOAD FILE="../../../../../../Users/dueli/Documents/Unreal Projects/FlyingAria/Content/StarterContent/Maps/Minimal_Default.umap" TEMPLATE=0 SHOWPROGRESS=1 FEATURELEVEL=3
[2017.11.10-23.02.51:320][  0]LightingResults: New page: Lighting Build
[2017.11.10-23.02.51:380][  0]MapCheck: New page: Map Check
[2017.11.10-23.02.51:380][  0]LightingResults: New page: Lighting Build
[2017.11.10-23.02.53:938][  0]LogAIModule: Creating AISystem for world Minimal_Default
[2017.11.10-23.02.56:268][  0]LogStreaming: Display: ULevelStreaming::RequestLevel(/Game/StarterContent/Maps/Andrea) is flushing async loading
[2017.11.10-23.02.56:326][  0]LogStreaming: Display: ULevelStreaming::RequestLevel(/Game/StarterContent/Maps/Jared) is flushing async loading
[2017.11.10-23.02.56:330][  0]LogEditorServer: Finished looking for orphan Actors (0.000 secs)
[2017.11.10-23.02.56:379][  0]Cmd: MAP CHECKDEP NOCLEARLOG
[2017.11.10-23.02.56:472][  0]MapCheck: Map check complete: 0 Error(s), 0 Warning(s), took 92.56ms to complete.
[2017.11.10-23.02.56:472][  0]LogFileHelpers: Loading map 'Minimal_Default' took 5.153
[2017.11.10-23.02.56:706][  0]LogCollectionManager: Loaded 0 collections in 0.002724 seconds
[2017.11.10-23.02.56:807][  0]LogFileCache: Scanning file cache for directory 'C:/Users/dueli/Documents/Unreal Projects/FlyingAria/Saved/Collections/' took 0.01s
[2017.11.10-23.02.56:807][  0]LogFileCache: Scanning file cache for directory 'C:/Users/dueli/Documents/Unreal Projects/FlyingAria/Content/Developers/dueli/Collections/' took 0.01s
[2017.11.10-23.02.56:807][  0]LogFileCache: Scanning file cache for directory 'C:/Users/dueli/Documents/Unreal Projects/FlyingAria/Content/Collections/' took 0.01s
[2017.11.10-23.02.56:807][  0]LogCollectionManager: Rebuilt the GUID cache for 0 collections in 0.000000 seconds
[2017.11.10-23.02.56:817][  0]LogContentBrowser: Native class hierarchy populated in 0.0097 seconds. Added 2386 classes and 500 folders.
[2017.11.10-23.02.56:908][  0]LogContentBrowser: Native class hierarchy updated for 'WidgetCarousel' in 0.0007 seconds. Added 0 classes and 0 folders.
[2017.11.10-23.02.57:916][  0]LogContentBrowser: Native class hierarchy updated for 'AddContentDialog' in 0.0024 seconds. Added 0 classes and 0 folders.
[2017.11.10-23.02.58:007][  0]LogContentBrowser: Native class hierarchy updated for 'WorldBrowser' in 0.0008 seconds. Added 2 classes and 3 folders.
[2017.11.10-23.02.58:069][  0]LogContentBrowser: Native class hierarchy updated for 'SceneOutliner' in 0.0008 seconds. Added 1 classes and 2 folders.
[2017.11.10-23.03.00:496][  0]LogSlate: Took 0.000346 seconds to synchronously load lazily loaded font '../../../Engine/Content/Slate/Fonts/Roboto-Regular.ttf' (155K)
[2017.11.10-23.03.00:500][  0]LogSlate: Took 0.000436 seconds to synchronously load lazily loaded font '../../../Engine/Content/Slate/Fonts/Roboto-Bold.ttf' (160K)
[2017.11.10-23.03.00:533][  0]LogSlate: Took 0.016603 seconds to synchronously load lazily loaded font '../../../Engine/Content/Editor/Slate/Fonts/FontAwesome.ttf' (139K)
[2017.11.10-23.03.00:827][  0]LogTemp: Executing iPhonePackager certificates Engine -bundlename com.YourCompany.FlyingAria
[2017.11.10-23.03.00:827][  0]LogTemp: CWD: C:\Program Files\Epic Games\UE_4.17\Engine\Binaries\DotNET\IOS
[2017.11.10-23.03.00:827][  0]LogTemp: Initial Dir: C:\Program Files\Epic Games\UE_4.17
[2017.11.10-23.03.00:827][  0]LogTemp: Env CWD: C:\Program Files\Epic Games\UE_4.17\Engine\Binaries\DotNET\IOS
[2017.11.10-23.03.00:827][  0]LogTemp: BranchPath = LAPTOP-2SK5NFL4/C/Program Files/Epic Games/UE_4.17/Engine/Binaries --- GameBranchPath = LAPTOP-2SK5NFL4/C/Program Files/Epic Games/UE_4.17/Engine/Binaries
[2017.11.10-23.03.00:827][  0]LogTemp: IPP ERROR: Could not find provision directory 'C:\Users\dueli\AppData\Local/Apple Computer/MobileDevice/Provisioning Profiles/'.
[2017.11.10-23.03.00:827][  0]LogRenderer: Reallocating scene render targets to support 1208x576 Format 10 NumSamples 1 (Frame:1).
[2017.11.10-23.03.01:180][  0]LogContentBrowser: Native class hierarchy updated for 'HierarchicalLODOutliner' in 0.0017 seconds. Added 1 classes and 2 folders.
[2017.11.10-23.03.01:181][  0]LogLoad: (Engine Initialization) Total time: 32.43 seconds
[2017.11.10-23.03.01:181][  0]LogLoad: (Engine Initialization) Total Blueprint compile time: 0.00 seconds
[2017.11.10-23.03.01:181][  0]LogExternalProfiler: Found external profiler: VSPerf
[2017.11.10-23.03.01:181][  0]LogExternalProfiler: Using external profiler: VSPerf
[2017.11.10-23.03.01:523][  0]LogWindowsTextInputMethodSystem: Display: IME system now deactivated.
[2017.11.10-23.03.01:563][  0]LogContentStreaming: Texture pool size now 1000 MB
[2017.11.10-23.03.01:838][  0]LogSlate: Took 0.000229 seconds to synchronously load lazily loaded font '../../../Engine/Content/Slate/Fonts/Roboto-Light.ttf' (159K)
[2017.11.10-23.03.01:887][  1]LogAssetRegistry: Asset discovery search completed in 25.4352 seconds
[2017.11.10-23.03.01:890][  1]LogCollectionManager: Rebuilt the object cache for 0 collections in 0.000000 seconds (found 0 objects)
[2017.11.10-23.03.01:890][  1]LogCollectionManager: Fixed up redirectors for 0 collections in 0.000061 seconds (updated 0 objects)
[2017.11.10-23.03.48:984][576]LogSlate: Took 0.000241 seconds to synchronously load lazily loaded font '../../../Engine/Content/Slate/Fonts/Roboto-Light.ttf' (159K)
[2017.11.10-23.03.49:008][576]Cmd: MAP LOAD FILE="../../../../../../Users/dueli/Documents/Unreal Projects/FlyingAria/Content/StarterContent/Maps/Minimal_Default.umap" TEMPLATE=0 SHOWPROGRESS=1 FEATURELEVEL=3
[2017.11.10-23.03.49:008][576]LightingResults: New page: Lighting Build
[2017.11.10-23.03.49:009][576]LoadErrors: New page: Loading map: Minimal_Default.umap
[2017.11.10-23.03.49:011][576]MapCheck: New page: Map Check
[2017.11.10-23.03.49:011][576]LightingResults: New page: Lighting Build
[2017.11.10-23.03.49:093][576]LogAIModule: Creating AISystem for world Minimal_Default
[2017.11.10-23.03.49:132][576]LogStreaming: Display: ULevelStreaming::RequestLevel(/Game/StarterContent/Maps/Andrea) is flushing async loading
[2017.11.10-23.03.49:134][576]LogStreaming: Display: ULevelStreaming::RequestLevel(/Game/StarterContent/Maps/Jared) is flushing async loading
[2017.11.10-23.03.49:137][576]LogEditorServer: Finished looking for orphan Actors (0.000 secs)
[2017.11.10-23.03.49:264][576]Cmd: MAP CHECKDEP NOCLEARLOG
[2017.11.10-23.03.49:354][576]MapCheck: Map check complete: 0 Error(s), 0 Warning(s), took 90.448ms to complete.
[2017.11.10-23.03.49:356][576]LogFileHelpers: Loading map 'Minimal_Default' took 0.349
[2017.11.10-23.03.57:463][216]LogAIModule: Creating AISystem for world Minimal_Default
[2017.11.10-23.03.57:498][216]LogAIModule: Creating AISystem for world Jared
[2017.11.10-23.03.57:505][216]LogAIModule: Creating AISystem for world Andrea
[2017.11.10-23.04.11:528][209]Cmd: OBJ SAVEPACKAGE PACKAGE="/Game/Minimal_Default" FILE="../../../../../../Users/dueli/Documents/Unreal Projects/FlyingAria/Content/Minimal_Default.umap" SILENT=true AUTOSAVING=false KEEPDIRTY=false
[2017.11.10-23.04.11:803][209]LogSavePackage: Save=247.73ms
[2017.11.10-23.04.11:803][209]LogSavePackage: Moving '../../../../../../Users/dueli/Documents/Unreal Projects/FlyingAria/Saved/Minimal_Default1A7E8F6A42886F42CF887B8661FE46AB.tmp' to '../../../../../../Users/dueli/Documents/Unreal Projects/FlyingAria/Content/Minimal_Default.umap'
[2017.11.10-23.04.11:810][209]LogSavePackage: Display: Finished SavePackage ../../../../../../Users/dueli/Documents/Unreal Projects/FlyingAria/Content/Minimal_Default.umap
[2017.11.10-23.04.11:813][209]LogFileHelpers: Saving map 'Minimal_Default' took 0.380
[2017.11.10-23.04.11:815][209]LogSlate: Took 0.000286 seconds to synchronously load lazily loaded font '../../../Engine/Content/Slate/Fonts/Roboto-Regular.ttf' (155K)
[2017.11.10-23.04.11:823][209]Cmd: MAP LOAD FILE="../../../../../../Users/dueli/Documents/Unreal Projects/FlyingAria/Content/Minimal_Default.umap" TEMPLATE=0 SHOWPROGRESS=1 FEATURELEVEL=3
[2017.11.10-23.04.11:823][209]LightingResults: New page: Lighting Build
[2017.11.10-23.04.11:824][209]LoadErrors: New page: Loading map: Minimal_Default.umap
[2017.11.10-23.04.11:826][209]MapCheck: New page: Map Check
[2017.11.10-23.04.11:826][209]LightingResults: New page: Lighting Build
[2017.11.10-23.04.11:847][209]LogStreaming: Display: ULevelStreaming::RequestLevel(/Game/StarterContent/Maps/Andrea) is flushing async loading
[2017.11.10-23.04.11:849][209]LogStreaming: Display: ULevelStreaming::RequestLevel(/Game/StarterContent/Maps/Jared) is flushing async loading
[2017.11.10-23.04.11:852][209]LogEditorServer: Finished looking for orphan Actors (0.000 secs)
[2017.11.10-23.04.11:968][209]Cmd: MAP CHECKDEP NOCLEARLOG
[2017.11.10-23.04.12:055][209]MapCheck: Map check complete: 0 Error(s), 0 Warning(s), took 87.693ms to complete.
[2017.11.10-23.04.12:056][209]LogFileHelpers: Loading map 'Minimal_Default' took 0.235
[2017.11.10-23.04.22:107][921]MapCheck: New page: Map Check
[2017.11.10-23.04.22:107][921]LightingResults: New page: Lighting Build
[2017.11.10-23.04.22:159][921]MapCheck: New page: Map Check
[2017.11.10-23.04.22:159][921]LightingResults: New page: Lighting Build
[2017.11.10-23.04.33:801][257]Cmd: OBJ SAVEPACKAGE PACKAGE="/Game/Andrea" FILE="../../../../../../Users/dueli/Documents/Unreal Projects/FlyingAria/Content/Andrea.umap" SILENT=true AUTOSAVING=false KEEPDIRTY=false
[2017.11.10-23.04.33:828][257]LogSavePackage: Save=11.74ms
[2017.11.10-23.04.33:828][257]LogSavePackage: Moving '../../../../../../Users/dueli/Documents/Unreal Projects/FlyingAria/Saved/Andrea739270BA46BC96ACA630D78DA4921514.tmp' to '../../../../../../Users/dueli/Documents/Unreal Projects/FlyingAria/Content/Andrea.umap'
[2017.11.10-23.04.33:831][257]LogSavePackage: Display: Finished SavePackage ../../../../../../Users/dueli/Documents/Unreal Projects/FlyingAria/Content/Andrea.umap
[2017.11.10-23.04.33:838][257]LogFileHelpers: Saving map 'Andrea' took 0.748
[2017.11.10-23.04.45:520][786]Cmd: OBJ SAVEPACKAGE PACKAGE="/Game/Jared" FILE="../../../../../../Users/dueli/Documents/Unreal Projects/FlyingAria/Content/Jared.umap" SILENT=true AUTOSAVING=false KEEPDIRTY=false
[2017.11.10-23.04.45:558][786]LogSavePackage: Save=12.51ms
[2017.11.10-23.04.45:558][786]LogSavePackage: Moving '../../../../../../Users/dueli/Documents/Unreal Projects/FlyingAria/Saved/Jared6ED70D2241915F553C95B2B5521CABC7.tmp' to '../../../../../../Users/dueli/Documents/Unreal Projects/FlyingAria/Content/Jared.umap'
[2017.11.10-23.04.45:561][786]LogSavePackage: Display: Finished SavePackage ../../../../../../Users/dueli/Documents/Unreal Projects/FlyingAria/Content/Jared.umap
[2017.11.10-23.04.45:571][786]LogFileHelpers: Saving map 'Jared' took 0.168
[2017.11.10-23.04.54:855][739]Cmd: OBJ SAVEPACKAGE PACKAGE="/Game/Jared" FILE="../../../../../../Users/dueli/Documents/Unreal Projects/FlyingAria/Content/Jared.umap" SILENT=true AUTOSAVING=false KEEPDIRTY=false
[2017.11.10-23.04.54:909][739]LogSavePackage: Save=10.69ms
[2017.11.10-23.04.54:909][739]LogSavePackage: Moving '../../../../../../Users/dueli/Documents/Unreal Projects/FlyingAria/Saved/JaredA7D8A14B4047D40DE4F449A40FEA5597.tmp' to '../../../../../../Users/dueli/Documents/Unreal Projects/FlyingAria/Content/Jared.umap'
[2017.11.10-23.04.54:912][739]LogSavePackage: Display: Finished SavePackage ../../../../../../Users/dueli/Documents/Unreal Projects/FlyingAria/Content/Jared.umap
