Log file open, 10/27/17 13:51:43
LogWindows: Failed to load 'aqProf.dll' (GetLastError=126)
LogWindows: File 'aqProf.dll' does not exist
LogWindows: Failed to load 'VtuneApi.dll' (GetLastError=126)
LogWindows: File 'VtuneApi.dll' does not exist
LogWindows: Failed to load 'VtuneApi32e.dll' (GetLastError=126)
LogWindows: File 'VtuneApi32e.dll' does not exist
LogInit: Display: Running engine for game: ThirdPersonProject
LogPlatformFile: Not using cached read wrapper
LogInit: Display: RandInit(-288115171) SRandInit(-288115171).
LogTaskGraph: Started task graph with 5 named threads and 14 total threads with 3 sets of task threads.
LogStats: Stats thread started at 0.208909
LogD3D11RHI: Aftermath initialized
LogPluginManager: Mounting plugin Paper2D
LogPluginManager: Mounting plugin LightPropagationVolume
LogPluginManager: Mounting plugin CodeLiteSourceCodeAccess
LogPluginManager: Mounting plugin GitSourceControl
LogPluginManager: Mounting plugin KDevelopSourceCodeAccess
LogPluginManager: Mounting plugin NullSourceCodeAccess
LogPluginManager: Mounting plugin PerforceSourceControl
LogPluginManager: Mounting plugin SubversionSourceControl
LogPluginManager: Mounting plugin UObjectPlugin
LogPluginManager: Mounting plugin VisualStudioSourceCodeAccess
LogPluginManager: Mounting plugin XCodeSourceCodeAccess
LogPluginManager: Mounting plugin AssetManagerEditor
LogPluginManager: Mounting plugin AudioCapture
LogPluginManager: Mounting plugin FacialAnimation
LogPluginManager: Mounting plugin GameplayTagsEditor
LogPluginManager: Mounting plugin MobileLauncherProfileWizard
LogPluginManager: Mounting plugin PluginBrowser
LogPluginManager: Mounting plugin SpeedTreeImporter
LogPluginManager: Mounting plugin AlembicImporter
LogPluginManager: Mounting plugin CharacterAI
LogPluginManager: Mounting plugin HTML5Networking
LogPluginManager: Mounting plugin AndroidMedia
LogPluginManager: Mounting plugin AvfMedia
LogPluginManager: Mounting plugin MediaPlayerEditor
LogPluginManager: Mounting plugin WmfMedia
LogPluginManager: Mounting plugin TcpMessaging
LogPluginManager: Mounting plugin UdpMessaging
LogPluginManager: Mounting plugin LevelSequenceEditor
LogPluginManager: Mounting plugin MatineeToLevelSequence
LogPluginManager: Mounting plugin OnlineSubsystemGooglePlay
LogPluginManager: Mounting plugin OnlineSubsystemIOS
LogPluginManager: Mounting plugin OnlineSubsystem
LogPluginManager: Mounting plugin OnlineSubsystemNull
LogPluginManager: Mounting plugin OnlineSubsystemUtils
LogPluginManager: Mounting plugin AndroidDeviceProfileSelector
LogPluginManager: Mounting plugin AndroidMoviePlayer
LogPluginManager: Mounting plugin AndroidPermission
LogPluginManager: Mounting plugin AppleMoviePlayer
LogPluginManager: Mounting plugin ArchVisCharacter
LogPluginManager: Mounting plugin CableComponent
LogPluginManager: Mounting plugin CustomMeshComponent
LogPluginManager: Mounting plugin ExampleDeviceProfileSelector
LogPluginManager: Mounting plugin GoogleCloudMessaging
LogPluginManager: Mounting plugin ImmediatePhysics
LogPluginManager: Mounting plugin IOSDeviceProfileSelector
LogPluginManager: Mounting plugin LinuxDeviceProfileSelector
LogPluginManager: Mounting plugin LocationServicesBPLibrary
LogPluginManager: Mounting plugin MobilePatchingUtils
LogPluginManager: Mounting plugin OculusVR
LogPluginManager: Mounting plugin PhysXVehicles
LogPluginManager: Mounting plugin ProceduralMeshComponent
LogPluginManager: Mounting plugin RuntimePhysXCooking
LogPluginManager: Mounting plugin SteamVR
LogPluginManager: Mounting plugin WindowsMoviePlayer
LogInit: Using libcurl 7.47.1
LogInit:  - built for x86_64-pc-win32
LogInit:  - supports SSL with OpenSSL/1.0.2g
LogInit:  - supports HTTP deflate (compression) using libz 1.2.8
LogInit:  - other features:
LogInit:      CURL_VERSION_SSL
LogInit:      CURL_VERSION_LIBZ
LogInit:      CURL_VERSION_IPV6
LogInit:      CURL_VERSION_ASYNCHDNS
LogInit:      CURL_VERSION_LARGEFILE
LogInit:      CURL_VERSION_IDN
LogInit:  CurlRequestOptions (configurable via config and command line):
LogInit:  - bVerifyPeer = false  - Libcurl will NOT verify peer certificate
LogInit:  - bUseHttpProxy = false  - Libcurl will NOT use HTTP proxy
LogInit:  - bDontReuseConnections = false  - Libcurl will reuse connections
LogInit:  - CertBundlePath = nullptr  - Libcurl will use whatever was configured at build time.
LogInit: Build: ++UE4+Release-4.17-CL-3658906
LogInit: Engine Version: 4.17.2-3658906+++UE4+Release-4.17
LogInit: Compatible Engine Version: 4.17.0-3573198+++UE4+Release-4.17
LogInit: Net CL: 3573198
LogDevObjectVersion: Number of dev versions registered: 16
LogDevObjectVersion:   Dev-Blueprints (B0D832E4-1F89-4F0D-ACCF-7EB736FD4AA2): 10
LogDevObjectVersion:   Dev-Build (E1C64328-A22C-4D53-A36C-8E866417BD8C): 0
LogDevObjectVersion:   Dev-Core (375EC13C-06E4-48FB-B500-84F0262A717E): 2
LogDevObjectVersion:   Dev-Editor (E4B068ED-F494-42E9-A231-DA0B2E46BB41): 20
LogDevObjectVersion:   Dev-Framework (CFFC743F-43B0-4480-9391-14DF171D2073): 28
LogDevObjectVersion:   Dev-Mobile (B02B49B5-BB20-44E9-A304-32B752E40360): 0
LogDevObjectVersion:   Dev-Networking (A4E4105C-59A1-49B5-A7C5-40C4547EDFEE): 0
LogDevObjectVersion:   Dev-Online (39C831C9-5AE6-47DC-9A44-9C173E1C8E7C): 0
LogDevObjectVersion:   Dev-Physics (78F01B33-EBEA-4F98-B9B4-84EACCB95AA2): 0
LogDevObjectVersion:   Dev-Platform (6631380F-2D4D-43E0-8009-CF276956A95A): 0
LogDevObjectVersion:   Dev-Rendering (12F88B9F-8875-4AFC-A67C-D90C383ABD29): 19
LogDevObjectVersion:   Dev-Sequencer (7B5AE74C-D270-4C10-A958-57980B212A5A): 4
LogDevObjectVersion:   Dev-VR (D7296918-1DD6-4BDD-9DE2-64A83CC13884): 0
LogDevObjectVersion:   Dev-LoadTimes (C2A15278-BFE7-4AFE-6C17-90FF531DF755): 1
LogDevObjectVersion:   Private-Geometry (6EACA3D4-40EC-4CC1-B786-8BED09428FC5): 1
LogDevObjectVersion:   Dev-AnimPhys (29E575DD-E0A3-4627-9D10-D276232CDCEA): 7
LogInit: Compiled (64-bit): Sep 22 2017 13:47:16
LogInit: Compiled with Visual C++: 19.00.24215.01
LogInit: Build Configuration: Development
LogInit: Branch Name: ++UE4+Release-4.17
LogInit: Command line: 
LogInit: Base directory: C:/Program Files/Epic Games/UE_4.17/Engine/Binaries/Win64/
LogInit: Installed Engine Build: 1
LogInit: Presizing for max 8388607 objects, including 0 objects not considered by GC, pre-allocating 0 bytes for permanent pool.
LogInit: Object subsystem initialized
[2017.10.27-17.51.44:866][  0]LogInit: Selected Device Profile: [Windows]
[2017.10.27-17.51.44:866][  0]LogInit: Applying CVar settings loaded from the selected device profile: [Windows]
[2017.10.27-17.51.44:983][  0]LogInit: Computer: LAPTOP-2SK5NFL4
[2017.10.27-17.51.44:984][  0]LogInit: User: dueli
[2017.10.27-17.51.44:984][  0]LogInit: CPU Page size=4096, Cores=4
[2017.10.27-17.51.44:984][  0]LogInit: High frequency timer resolution =2.531252 MHz
[2017.10.27-17.51.44:984][  0]LogMemory: Memory total: Physical=7.8GB (8GB approx)
[2017.10.27-17.51.44:984][  0]LogMemory: Platform Memory Stats for Windows
[2017.10.27-17.51.44:984][  0]LogMemory: Process Physical Memory: 278.51 MB used, 278.51 MB peak
[2017.10.27-17.51.44:984][  0]LogMemory: Process Virtual Memory: 274.33 MB used, 274.33 MB peak
[2017.10.27-17.51.44:984][  0]LogMemory: Physical Memory: 5507.21 MB used,  2512.57 MB free, 8019.78 MB total
[2017.10.27-17.51.44:984][  0]LogMemory: Virtual Memory: 669.05 MB used,  2512.57 MB free, 134217728.00 MB total
[2017.10.27-17.51.45:189][  0]LogInit: Using OS detected language (en-US).
[2017.10.27-17.51.45:189][  0]LogInit: Using OS detected locale (en-US).
[2017.10.27-17.51.45:341][  0]LogTextLocalizationManager: No specific localization for 'en-US' exists, so the 'en' localization will be used.
[2017.10.27-17.51.52:697][  0]LogD3D11RHI: D3D11 adapters:
[2017.10.27-17.51.52:813][  0]LogD3D11RHI:    0. 'NVIDIA GeForce GTX 960M' (Feature Level 11_0)
[2017.10.27-17.51.52:813][  0]LogD3D11RHI:       2019/0/4009 MB DedicatedVideo/DedicatedSystem/SharedSystem, Outputs:1, VendorId:0x10de
[2017.10.27-17.51.52:820][  0]LogD3D11RHI:    1. 'Intel(R) HD Graphics 530' (Feature Level 11_0)
[2017.10.27-17.51.52:820][  0]LogD3D11RHI:       128/0/4009 MB DedicatedVideo/DedicatedSystem/SharedSystem, Outputs:0, VendorId:0x8086
[2017.10.27-17.51.52:822][  0]LogD3D11RHI:    2. 'Microsoft Basic Render Driver' (Feature Level 11_0)
[2017.10.27-17.51.52:822][  0]LogD3D11RHI:       0/0/4009 MB DedicatedVideo/DedicatedSystem/SharedSystem, Outputs:0, VendorId:0x1414
[2017.10.27-17.51.52:822][  0]LogD3D11RHI: Chosen D3D11 Adapter: 0
[2017.10.27-17.51.52:830][  0]LogD3D11RHI: Creating new Direct3DDevice
[2017.10.27-17.51.52:830][  0]LogD3D11RHI:     GPU DeviceId: 0x139b (for the marketing name, search the web for "GPU Device Id")
[2017.10.27-17.51.52:830][  0]LogWindows: EnumDisplayDevices:
[2017.10.27-17.51.52:830][  0]LogWindows:    0. 'Intel(R) HD Graphics 530' (P:1 D:1)
[2017.10.27-17.51.52:830][  0]LogWindows:    1. 'Intel(R) HD Graphics 530' (P:0 D:0)
[2017.10.27-17.51.52:831][  0]LogWindows:    2. 'Intel(R) HD Graphics 530' (P:0 D:0)
[2017.10.27-17.51.52:831][  0]LogWindows: DebugString: PrimaryIsNotTheChoosenAdapter PrimaryIsNotTheChoosenAdapter PrimaryIsNotTheChoosenAdapter FoundDriverCount:0 
[2017.10.27-17.51.52:831][  0]LogD3D11RHI:     Adapter Name: NVIDIA GeForce GTX 960M
[2017.10.27-17.51.52:831][  0]LogD3D11RHI:   Driver Version: Unknown (internal:Unknown, unified:Unknown)
[2017.10.27-17.51.52:831][  0]LogD3D11RHI:      Driver Date: Unknown
[2017.10.27-17.51.52:831][  0]LogRHI: Texture pool is 1361 MB (70% of 1945 MB)
[2017.10.27-17.51.52:863][  0]LogD3D11RHI: Async texture creation enabled
[2017.10.27-17.51.52:875][  0]LogD3D11RHI: GPU Timing Frequency: 1000.000000 (Debug: 2 1)
[2017.10.27-17.51.52:876][  0]LogShaderCompilers: Guid format shader working directory is -19 characters bigger than the processId version (../../../../../../Users/dueli/Documents/Unreal Projects/FlyingAria/Intermediate/Shaders/WorkingDirectory/472/).
[2017.10.27-17.51.52:876][  0]LogShaderCompilers: Cleaned the shader compiler working directory 'C:/Users/dueli/AppData/Local/Temp/UnrealShaderWorkingDir/82D92C464A3E51874380E9871A59D663/'.
[2017.10.27-17.51.52:876][  0]LogShaderCompilers: Display: Using Local Shader Compiler.
[2017.10.27-17.51.59:739][  0]LogTemp: Display: Loaded TP AllDesktopTargetPlatform
[2017.10.27-17.51.59:801][  0]LogTemp: Display: Loaded TP MacClientTargetPlatform
[2017.10.27-17.51.59:863][  0]LogTemp: Display: Loaded TP MacNoEditorTargetPlatform
[2017.10.27-17.51.59:922][  0]LogTemp: Display: Loaded TP MacServerTargetPlatform
[2017.10.27-17.52.00:005][  0]LogTemp: Display: Loaded TP MacTargetPlatform
[2017.10.27-17.52.00:076][  0]LogTemp: Display: Loaded TP WindowsClientTargetPlatform
[2017.10.27-17.52.00:160][  0]LogTemp: Display: Loaded TP WindowsNoEditorTargetPlatform
[2017.10.27-17.52.00:243][  0]LogTemp: Display: Loaded TP WindowsServerTargetPlatform
[2017.10.27-17.52.00:317][  0]LogTemp: Display: Loaded TP WindowsTargetPlatform
[2017.10.27-17.52.00:409][  0]LogTemp: Display: Loaded TP AndroidTargetPlatform
[2017.10.27-17.52.00:502][  0]LogTemp: Display: Loaded TP Android_ASTCTargetPlatform
[2017.10.27-17.52.00:586][  0]LogTemp: Display: Loaded TP Android_ATCTargetPlatform
[2017.10.27-17.52.00:670][  0]LogTemp: Display: Loaded TP Android_DXTTargetPlatform
[2017.10.27-17.52.00:744][  0]LogTemp: Display: Loaded TP Android_ETC1TargetPlatform
[2017.10.27-17.52.00:818][  0]LogTemp: Display: Loaded TP Android_ETC2TargetPlatform
[2017.10.27-17.52.00:956][  0]LogTemp: Display: Loaded TP Android_MultiTargetPlatform
[2017.10.27-17.52.00:957][  0]LogTemp: Display: Loaded TP Android_PVRTCTargetPlatform
[2017.10.27-17.52.01:018][  0]LogTemp: Display: Loaded TP HTML5TargetPlatform
[2017.10.27-17.52.01:289][  0]LogTemp: Display: Loaded TP IOSTargetPlatform
[2017.10.27-17.52.01:364][  0]LogTemp: Display: Loaded TP TVOSTargetPlatform
[2017.10.27-17.52.01:437][  0]LogTemp: Display: Loaded TP LinuxClientTargetPlatform
[2017.10.27-17.52.01:507][  0]LogTemp: Display: Loaded TP LinuxNoEditorTargetPlatform
[2017.10.27-17.52.01:574][  0]LogTemp: Display: Loaded TP LinuxServerTargetPlatform
[2017.10.27-17.52.01:659][  0]LogTemp: Display: Loaded TP LinuxTargetPlatform
[2017.10.27-17.52.01:659][  0]LogTargetPlatformManager: Display: Building Assets For Windows
[2017.10.27-17.52.02:318][  0]LogDerivedDataCache: Display: Max Cache Size: 512 MB
[2017.10.27-17.52.02:796][  0]LogDerivedDataCache: Loaded boot cache 0.48s 93MB C:/Users/dueli/AppData/Local/UnrealEngine/4.17/DerivedDataCache/Boot.ddc.
[2017.10.27-17.52.02:796][  0]LogDerivedDataCache: Display: Loaded Boot cache: C:/Users/dueli/AppData/Local/UnrealEngine/4.17/DerivedDataCache/Boot.ddc
[2017.10.27-17.52.02:796][  0]LogDerivedDataCache: FDerivedDataBackendGraph:  Pak pak cache file ../../../../../../Users/dueli/Documents/Unreal Projects/FlyingAria/DerivedDataCache/DDC.ddp not found, will not use a pak cache.
[2017.10.27-17.52.02:796][  0]LogDerivedDataCache: Unable to find inner node Pak for hierarchical cache Hierarchy.
[2017.10.27-17.52.02:796][  0]LogDerivedDataCache: FDerivedDataBackendGraph:  CompressedPak pak cache file ../../../../../../Users/dueli/Documents/Unreal Projects/FlyingAria/DerivedDataCache/Compressed.ddp not found, will not use a pak cache.
[2017.10.27-17.52.02:796][  0]LogDerivedDataCache: Unable to find inner node CompressedPak for hierarchical cache Hierarchy.
[2017.10.27-17.52.02:814][  0]LogDerivedDataCache: Display: Pak cache opened for reading ../../../Engine/DerivedDataCache/Compressed.ddp.
[2017.10.27-17.52.02:827][  0]LogDerivedDataCache: Using Local data cache path C:/Users/dueli/AppData/Local/UnrealEngine/Common/DerivedDataCache: Writable
[2017.10.27-17.52.02:838][  0]LogMaterial: Verifying Global Shaders for PCD3D_SM5
[2017.10.27-17.52.02:838][  0]LogSlate: Using Freetype 2.6.0
[2017.10.27-17.52.02:880][  0]LogSlate: SlateFontCache - WITH_FREETYPE: 1, WITH_HARFBUZZ: 1
[2017.10.27-17.52.02:880][  0]LogSlate: SlateFontCache - WITH_FREETYPE: 1, WITH_HARFBUZZ: 1
[2017.10.27-17.52.05:413][  0]LogAssetRegistry: FAssetRegistry took 0.0285 seconds to start up
[2017.10.27-17.52.05:561][  0]LogInit: Selected Device Profile: [Windows]
[2017.10.27-17.52.05:809][  0]LogContentStreaming: Texture pool size is 0.00 MB
[2017.10.27-17.52.06:234][  0]LogSimplygon: Simplygon DLL not present - disabling.
[2017.10.27-17.52.06:294][  0]LogMeshReduction: Using SimplygonSwarm for distributed automatic mesh merging
[2017.10.27-17.52.06:294][  0]LogMeshReduction: Using QuadricMeshReduction for automatic static mesh reduction
[2017.10.27-17.52.06:294][  0]LogMeshReduction: No automatic skeletal mesh reduction module available
[2017.10.27-17.52.06:294][  0]LogMeshReduction: No automatic mesh merging module available
[2017.10.27-17.52.06:294][  0]LogMeshMerging: No automatic mesh merging module available
[2017.10.27-17.52.06:896][  0]LogNetVersion: ThirdPersonProject , NetCL: 3573198, EngineNetVer: 2, GameNetVer: 0 (Checksum: 1977349515)
[2017.10.27-17.52.07:316][  0]LogPackageLocalizationCache: Processed 5 localized package path(s) for 2 prioritized culture(s) in 0.150513 seconds
[2017.10.27-17.52.07:323][  0]LogUObjectArray: 35825 objects as part of root set at end of initial load.
[2017.10.27-17.52.07:323][  0]LogUObjectAllocator: 7529104 out of 0 bytes used by permanent object pool.
[2017.10.27-17.52.07:323][  0]LogUObjectArray: CloseDisregardForGC: 0/0 objects in disregard for GC pool
[2017.10.27-17.52.07:397][  0]LogInit: WinSock: version 1.1 (2.2), MaxSocks=32767, MaxUdp=65467
[2017.10.27-17.52.39:939][  0]LogTcpMessaging: Initializing TcpMessaging bridge
[2017.10.27-17.52.39:988][  0]LogUdpMessaging: Initializing bridge on interface 0.0.0.0:0 to multicast group 230.0.0.1:6666.
[2017.10.27-17.52.41:512][  0]LogMaterial: Uniform references updated for custom material expression Custom.
[2017.10.27-17.52.42:120][  0]SourceControl: Source control is disabled
[2017.10.27-17.52.42:120][  0]SourceControl: Source control is disabled
[2017.10.27-17.52.42:194][  0]SourceControl: Source control is disabled
[2017.10.27-17.52.42:269][  0]SourceControl: Source control is disabled
[2017.10.27-17.52.43:650][  0]LogAndroidPermission: UAndroidPermissionCallbackProxy::GetInstance
[2017.10.27-17.52.44:020][  0]LogOcInput: OculusInput pre-init called
[2017.10.27-17.52.44:421][  0]LogEngine: Initializing Engine...
[2017.10.27-17.52.44:424][  0]LogHMD: Failed to initialize OpenVR with code 110
[2017.10.27-17.52.44:730][  0]LogStats: UGameplayTagsManager::ConstructGameplayTagTree: Construct from data asset -  0.000 s
[2017.10.27-17.52.44:730][  0]LogStats: UGameplayTagsManager::ConstructGameplayTagTree: GameplayTagTreeChangedEvent.Broadcast -  0.000 s
[2017.10.27-17.52.44:929][  0]LogAIModule: Creating AISystem for world Untitled
[2017.10.27-17.52.44:939][  0]LogInit: XAudio2 using 'Speakers (Realtek High Definition Audio)' : 2 channels at 48 kHz using 32 bits per sample (channel mask 0x3)
[2017.10.27-17.52.44:963][  0]LogInit: FAudioDevice initialized.
[2017.10.27-17.52.45:321][  0]LogDerivedDataCache: Saved boot cache 0.36s 93MB C:/Users/dueli/AppData/Local/UnrealEngine/4.17/DerivedDataCache/Boot.ddc.
[2017.10.27-17.52.45:339][  0]LogInit: Texture streaming: Enabled
[2017.10.27-17.52.45:496][  0]LogEngineSessionManager: EngineSessionManager initialized
[2017.10.27-17.52.45:913][  0]LogInit: Transaction tracking system initialized
[2017.10.27-17.52.46:369][  0]BlueprintLog: New page: Editor Load
[2017.10.27-17.52.47:809][  0]LocalizationService: Localization service is disabled
[2017.10.27-17.52.49:473][  0]LogConsoleResponse: Display: 
[2017.10.27-17.52.50:544][  0]LogFileCache: Scanning file cache for directory 'C:/Users/dueli/Documents/Unreal Projects/FlyingAria/Content/' took 0.10s
[2017.10.27-17.52.50:544][  0]LogCook: Display: Max memory allowance for cook 16384mb min free memory 0mb
[2017.10.27-17.52.50:544][  0]LogCook: Display: Mobile HDR setting 1
[2017.10.27-17.52.50:544][  0]LogGameplayTags: Display: UGameplayTagsManager::DoneAddingNativeTags. DelegateIsBound: 0
[2017.10.27-17.52.52:706][  0]SourceControl: Source control is disabled
[2017.10.27-17.52.52:706][  0]Cmd: MAP LOAD FILE="../../../../../../Users/dueli/Documents/Unreal Projects/FlyingAria/Content/StarterContent/Maps/Minimal_Default.umap" TEMPLATE=0 SHOWPROGRESS=1 FEATURELEVEL=3
[2017.10.27-17.52.52:707][  0]LightingResults: New page: Lighting Build
[2017.10.27-17.52.52:761][  0]MapCheck: New page: Map Check
[2017.10.27-17.52.52:761][  0]LightingResults: New page: Lighting Build
[2017.10.27-17.52.59:947][  0]LogAIModule: Creating AISystem for world Minimal_Default
[2017.10.27-17.53.00:313][  0]LogEditorServer: Finished looking for orphan Actors (0.000 secs)
[2017.10.27-17.53.00:394][  0]Cmd: MAP CHECKDEP NOCLEARLOG
[2017.10.27-17.53.00:513][  0]MapCheck: Map check complete: 0 Error(s), 0 Warning(s), took 119.006ms to complete.
[2017.10.27-17.53.00:513][  0]LogFileHelpers: Loading map 'Minimal_Default' took 7.807
[2017.10.27-17.53.02:024][  0]LogCollectionManager: Loaded 0 collections in 0.002364 seconds
[2017.10.27-17.53.02:380][  0]LogFileCache: Scanning file cache for directory 'C:/Users/dueli/Documents/Unreal Projects/FlyingAria/Saved/Collections/' took 0.01s
[2017.10.27-17.53.02:380][  0]LogFileCache: Scanning file cache for directory 'C:/Users/dueli/Documents/Unreal Projects/FlyingAria/Content/Developers/dueli/Collections/' took 0.01s
[2017.10.27-17.53.02:380][  0]LogFileCache: Scanning file cache for directory 'C:/Users/dueli/Documents/Unreal Projects/FlyingAria/Content/Collections/' took 0.01s
[2017.10.27-17.53.02:380][  0]LogCollectionManager: Rebuilt the GUID cache for 0 collections in 0.000001 seconds
[2017.10.27-17.53.02:431][  0]LogContentBrowser: Native class hierarchy populated in 0.0343 seconds. Added 2386 classes and 500 folders.
[2017.10.27-17.53.02:735][  0]LogContentBrowser: Native class hierarchy updated for 'WidgetCarousel' in 0.0329 seconds. Added 0 classes and 0 folders.
[2017.10.27-17.53.04:987][  0]LogContentBrowser: Native class hierarchy updated for 'AddContentDialog' in 0.0007 seconds. Added 0 classes and 0 folders.
[2017.10.27-17.53.05:126][  0]LogContentBrowser: Native class hierarchy updated for 'SceneOutliner' in 0.0020 seconds. Added 1 classes and 2 folders.
[2017.10.27-17.53.11:408][  0]LogSlate: Took 0.000717 seconds to synchronously load lazily loaded font '../../../Engine/Content/Slate/Fonts/Roboto-Regular.ttf' (155K)
[2017.10.27-17.53.11:413][  0]LogSlate: Took 0.000602 seconds to synchronously load lazily loaded font '../../../Engine/Content/Slate/Fonts/Roboto-Bold.ttf' (160K)
[2017.10.27-17.53.11:486][  0]LogSlate: Took 0.041232 seconds to synchronously load lazily loaded font '../../../Engine/Content/Editor/Slate/Fonts/FontAwesome.ttf' (139K)
[2017.10.27-17.53.12:788][  0]LogTemp: Executing iPhonePackager certificates Engine -bundlename com.YourCompany.ThirdPersonProject
[2017.10.27-17.53.12:788][  0]LogTemp: CWD: C:\Program Files\Epic Games\UE_4.17\Engine\Binaries\DotNET\IOS
[2017.10.27-17.53.12:788][  0]LogTemp: Initial Dir: C:\Program Files\Epic Games\UE_4.17
[2017.10.27-17.53.12:788][  0]LogTemp: Env CWD: C:\Program Files\Epic Games\UE_4.17\Engine\Binaries\DotNET\IOS
[2017.10.27-17.53.12:788][  0]LogTemp: BranchPath = LAPTOP-2SK5NFL4/C/Program Files/Epic Games/UE_4.17/Engine/Binaries --- GameBranchPath = LAPTOP-2SK5NFL4/C/Program Files/Epic Games/UE_4.17/Engine/Binaries
[2017.10.27-17.53.12:788][  0]LogTemp: IPP ERROR: Could not find provision directory 'C:\Users\dueli\AppData\Local/Apple Computer/MobileDevice/Provisioning Profiles/'.
[2017.10.27-17.53.12:788][  0]LogRenderer: Reallocating scene render targets to support 1208x576 Format 10 NumSamples 1 (Frame:1).
[2017.10.27-17.53.13:952][  0]LogContentBrowser: Native class hierarchy updated for 'HierarchicalLODOutliner' in 0.0009 seconds. Added 1 classes and 2 folders.
[2017.10.27-17.53.13:953][  0]LogLoad: (Engine Initialization) Total time: 93.06 seconds
[2017.10.27-17.53.13:953][  0]LogLoad: (Engine Initialization) Total Blueprint compile time: 0.00 seconds
[2017.10.27-17.53.13:953][  0]LogExternalProfiler: Found external profiler: VSPerf
[2017.10.27-17.53.13:953][  0]LogExternalProfiler: Using external profiler: VSPerf
[2017.10.27-17.53.14:096][  0]Cmd: ACTOR HIDE SELECTED
[2017.10.27-17.53.14:397][  0]LogWindowsTextInputMethodSystem: Display: IME system now deactivated.
[2017.10.27-17.53.14:541][  0]LogContentStreaming: Texture pool size now 1000 MB
[2017.10.27-17.53.15:284][  1]LogSlate: Took 0.063825 seconds to synchronously load lazily loaded font '../../../Engine/Content/Slate/Fonts/Roboto-Light.ttf' (159K)
[2017.10.27-17.53.15:398][  2]LogAssetRegistry: Asset discovery search completed in 70.0074 seconds
[2017.10.27-17.53.15:401][  2]LogCollectionManager: Rebuilt the object cache for 0 collections in 0.000001 seconds (found 0 objects)
[2017.10.27-17.53.15:401][  2]LogCollectionManager: Fixed up redirectors for 0 collections in 0.000095 seconds (updated 0 objects)
[2017.10.27-17.53.15:735][  3]LogSlate: Took 0.000595 seconds to synchronously load lazily loaded font '../../../Engine/Content/Slate/Fonts/Roboto-Light.ttf' (159K)
[2017.10.27-17.53.20:616][ 22]LogSlate: Took 0.000238 seconds to synchronously load lazily loaded font '../../../Engine/Content/Slate/Fonts/Roboto-Light.ttf' (159K)
[2017.10.27-17.53.21:863][ 22]LogSlate: Took 0.000680 seconds to synchronously load lazily loaded font '../../../Engine/Content/Slate/Fonts/Roboto-Regular.ttf' (155K)
[2017.10.27-17.53.23:210][ 22]LogContentBrowser: Native class hierarchy updated for 'BlueprintGraph' in 0.0016 seconds. Added 113 classes and 0 folders.
[2017.10.27-17.53.26:974][ 22]LogSlate: Took 0.058675 seconds to synchronously load lazily loaded font '../../../Engine/Content/Editor/Slate/Fonts/Roboto-BoldCondensed.ttf' (158K)
[2017.10.27-17.53.27:834][ 23]LogSlate: Took 0.033439 seconds to synchronously load lazily loaded font '../../../Engine/Content/Editor/Slate/Fonts/Roboto-Italic.ttf' (157K)
[2017.10.27-18.11.00:274][658]LogTemp: Repeating last play command: New Editor Window (PIE)
[2017.10.27-18.11.00:720][658]LogBlueprintUserMessages: Early PlayInEditor Detection: Level '/Game/StarterContent/Maps/Minimal_Default.Minimal_Default:PersistentLevel' has LevelScriptBlueprint '/Game/StarterContent/Maps/Minimal_Default.Minimal_Default:PersistentLevel.Minimal_Default' with GeneratedClass '/Game/StarterContent/Maps/Minimal_Default.Minimal_Default_C' with ClassGeneratedBy '/Game/StarterContent/Maps/Minimal_Default.Minimal_Default:PersistentLevel.Minimal_Default'
[2017.10.27-18.11.00:743][658]LogPlayLevel: PlayLevel: No blueprints needed recompiling
[2017.10.27-18.11.00:907][658]PIE: New page: PIE session: Minimal_Default (Oct 27, 2017, 10:11:00 AM)
[2017.10.27-18.11.00:925][658]LogPlayLevel: Creating play world package: /Game/StarterContent/Maps/UEDPIE_0_Minimal_Default
[2017.10.27-18.11.01:035][658]LogPlayLevel: PIE: StaticDuplicateObject took: (0.109844s)
[2017.10.27-18.11.01:037][658]LogAIModule: Creating AISystem for world Minimal_Default
[2017.10.27-18.11.01:040][658]LogPlayLevel: PIE: World Init took: (0.004941s)
[2017.10.27-18.11.01:054][658]LogPlayLevel: PIE: Created PIE world by copying editor world from /Game/StarterContent/Maps/Minimal_Default.Minimal_Default to /Game/StarterContent/Maps/UEDPIE_0_Minimal_Default.Minimal_Default (0.133799s)
[2017.10.27-18.11.01:123][658]LogInit: XAudio2 using 'Speakers (Realtek High Definition Audio)' : 2 channels at 48 kHz using 32 bits per sample (channel mask 0x3)
[2017.10.27-18.11.01:153][658]LogInit: FAudioDevice initialized.
[2017.10.27-18.11.01:462][658]LogLoad: Game class is 'MyGame_C'
[2017.10.27-18.11.01:764][658]LogWorld: Bringing World /Game/StarterContent/Maps/UEDPIE_0_Minimal_Default.Minimal_Default up for play (max tick rate 60) at 2017.10.27-14.11.01
[2017.10.27-18.11.01:799][658]LogWorld: Bringing up level for play took: 0.067347
[2017.10.27-18.11.01:874][658]LogGameMode: FindPlayerStart: PATHS NOT DEFINED or NO PLAYERSTART with positive rating
[2017.10.27-18.11.02:327][658]LogContentBrowser: Native class hierarchy updated for 'MovieSceneCapture' in 0.0010 seconds. Added 11 classes and 0 folders.
[2017.10.27-18.11.02:438][658]PIE: Play in editor start time for /Game/StarterContent/Maps/UEDPIE_0_Minimal_Default 2.441
[2017.10.27-18.11.02:446][658]LogBlueprintUserMessages: Late PlayInEditor Detection: Level '/Game/StarterContent/Maps/Minimal_Default.Minimal_Default:PersistentLevel' has LevelScriptBlueprint '/Game/StarterContent/Maps/Minimal_Default.Minimal_Default:PersistentLevel.Minimal_Default' with GeneratedClass '/Game/StarterContent/Maps/Minimal_Default.Minimal_Default_C' with ClassGeneratedBy '/Game/StarterContent/Maps/Minimal_Default.Minimal_Default:PersistentLevel.Minimal_Default'
[2017.10.27-18.11.03:117][658]LogRenderer: Reallocating scene render targets to support 1292x756 Format 10 NumSamples 1 (Frame:1).
[2017.10.27-18.11.24:777][910]LogBlueprintUserMessages: Early EndPlayMap Detection: Level '/Game/StarterContent/Maps/Minimal_Default.Minimal_Default:PersistentLevel' has LevelScriptBlueprint '/Game/StarterContent/Maps/Minimal_Default.Minimal_Default:PersistentLevel.Minimal_Default' with GeneratedClass '/Game/StarterContent/Maps/Minimal_Default.Minimal_Default_C' with ClassGeneratedBy '/Game/StarterContent/Maps/Minimal_Default.Minimal_Default:PersistentLevel.Minimal_Default'
[2017.10.27-18.11.24:931][910]LogBlueprintUserMessages: Late EndPlayMap Detection: Level '/Game/StarterContent/Maps/Minimal_Default.Minimal_Default:PersistentLevel' has LevelScriptBlueprint '/Game/StarterContent/Maps/Minimal_Default.Minimal_Default:PersistentLevel.Minimal_Default' with GeneratedClass '/Game/StarterContent/Maps/Minimal_Default.Minimal_Default_C' with ClassGeneratedBy '/Game/StarterContent/Maps/Minimal_Default.Minimal_Default:PersistentLevel.Minimal_Default'
[2017.10.27-18.16.01:661][100]BlueprintLog: New page: Compile CharacterBP
[2017.10.27-18.16.02:813][128]Cmd: OBJ SAVEPACKAGE PACKAGE="/Game/Character/CharacterBP" FILE="../../../../../../Users/dueli/Documents/Unreal Projects/FlyingAria/Content/Character/CharacterBP.uasset" SILENT=true
[2017.10.27-18.16.03:199][128]LogSavePackage: Save=266.52ms
[2017.10.27-18.16.03:201][128]LogSavePackage: Moving '../../../../../../Users/dueli/Documents/Unreal Projects/FlyingAria/Saved/CharacterBP407B18784473B96FBDFB3094EEDE895B.tmp' to '../../../../../../Users/dueli/Documents/Unreal Projects/FlyingAria/Content/Character/CharacterBP.uasset'
[2017.10.27-18.16.03:217][128]LogSavePackage: Display: Finished SavePackage ../../../../../../Users/dueli/Documents/Unreal Projects/FlyingAria/Content/Character/CharacterBP.uasset
[2017.10.27-18.16.33:756][402]LogSavePackage: Save=72.29ms
[2017.10.27-18.16.33:756][402]LogSavePackage: Moving '../../../../../../Users/dueli/Documents/Unreal Projects/FlyingAria/Saved/Minimal_Default_Auto1BDE131174923CA9F6254438AD2E08B33.tmp' to '../../../../../../Users/dueli/Documents/Unreal Projects/FlyingAria/Saved/Autosaves/Game/StarterContent/Maps/Minimal_Default_Auto1.umap'
[2017.10.27-18.16.33:767][402]LogSavePackage: Display: Finished SavePackage ../../../../../../Users/dueli/Documents/Unreal Projects/FlyingAria/Saved/Autosaves/Game/StarterContent/Maps/Minimal_Default_Auto1.umap
[2017.10.27-18.16.33:771][402]LogFileHelpers: Editor autosave (incl. sublevels) for '/Game/StarterContent/Maps/Minimal_Default' took 0.197
[2017.10.27-18.16.33:771][402]LogFileHelpers: Editor autosave (incl. sublevels) for all levels took 0.197
[2017.10.27-18.27.29:609][538]LogEditorViewport: Clicking on Actor (LMB): StaticMeshActor (Floor)
[2017.10.27-18.55.48:368][611]LogTemp: Repeating last play command: New Editor Window (PIE)
[2017.10.27-18.55.48:437][611]LogTemp: Repeating last play command: New Editor Window (PIE)
[2017.10.27-18.55.48:605][611]LogBlueprintUserMessages: Early PlayInEditor Detection: Level '/Game/StarterContent/Maps/Minimal_Default.Minimal_Default:PersistentLevel' has LevelScriptBlueprint '/Game/StarterContent/Maps/Minimal_Default.Minimal_Default:PersistentLevel.Minimal_Default' with GeneratedClass '/Game/StarterContent/Maps/Minimal_Default.Minimal_Default_C' with ClassGeneratedBy '/Game/StarterContent/Maps/Minimal_Default.Minimal_Default:PersistentLevel.Minimal_Default'
[2017.10.27-18.55.48:606][611]LogPlayLevel: PlayLevel: No blueprints needed recompiling
[2017.10.27-18.55.48:606][611]PIE: New page: PIE session: Minimal_Default (Oct 27, 2017, 10:55:48 AM)
[2017.10.27-18.55.48:607][611]LogPlayLevel: Creating play world package: /Game/StarterContent/Maps/UEDPIE_0_Minimal_Default
[2017.10.27-18.55.48:636][611]LogPlayLevel: PIE: StaticDuplicateObject took: (0.029004s)
[2017.10.27-18.55.48:639][611]LogAIModule: Creating AISystem for world Minimal_Default
[2017.10.27-18.55.48:640][611]LogPlayLevel: PIE: World Init took: (0.003945s)
[2017.10.27-18.55.48:640][611]LogPlayLevel: PIE: Created PIE world by copying editor world from /Game/StarterContent/Maps/Minimal_Default.Minimal_Default to /Game/StarterContent/Maps/UEDPIE_0_Minimal_Default.Minimal_Default (0.033775s)
[2017.10.27-18.55.48:712][611]LogInit: XAudio2 using 'EPSON PJ (Intel(R) Display Audio)' : 2 channels at 48 kHz using 16 bits per sample (channel mask 0x3)
[2017.10.27-18.55.48:719][611]LogInit: FAudioDevice initialized.
[2017.10.27-18.55.48:821][611]LogLoad: Game class is 'MyGame_C'
[2017.10.27-18.55.48:834][611]LogWorld: Bringing World /Game/StarterContent/Maps/UEDPIE_0_Minimal_Default.Minimal_Default up for play (max tick rate 60) at 2017.10.27-14.55.48
[2017.10.27-18.55.48:835][611]LogWorld: Bringing up level for play took: 0.010758
[2017.10.27-18.55.48:849][611]PIE: Play in editor start time for /Game/StarterContent/Maps/UEDPIE_0_Minimal_Default 0.851
[2017.10.27-18.55.48:861][611]LogBlueprintUserMessages: Late PlayInEditor Detection: Level '/Game/StarterContent/Maps/Minimal_Default.Minimal_Default:PersistentLevel' has LevelScriptBlueprint '/Game/StarterContent/Maps/Minimal_Default.Minimal_Default:PersistentLevel.Minimal_Default' with GeneratedClass '/Game/StarterContent/Maps/Minimal_Default.Minimal_Default_C' with ClassGeneratedBy '/Game/StarterContent/Maps/Minimal_Default.Minimal_Default:PersistentLevel.Minimal_Default'
[2017.10.27-18.57.04:159][670]LogAudio: Warning: Current Audio Device with ID {0.0.0.00000000}.{75152aa1-674a-483f-8c87-6d726f5eea69} was removed. Shutting down audio device.
[2017.10.27-18.57.04:159][670]LogAudio: Warning: Current Audio Device with ID {0.0.0.00000000}.{75152aa1-674a-483f-8c87-6d726f5eea69} was removed. Shutting down audio device.
[2017.10.27-18.57.04:159][670]LogAudio: Warning: Current Audio Device with ID {0.0.0.00000000}.{75152aa1-674a-483f-8c87-6d726f5eea69} was removed. Shutting down audio device.
[2017.10.27-18.57.04:159][670]LogAudio: Warning: Current Audio Device with ID {0.0.0.00000000}.{75152aa1-674a-483f-8c87-6d726f5eea69} was removed. Shutting down audio device.
[2017.10.27-18.57.13:251][186]LogBlueprintUserMessages: Early EndPlayMap Detection: Level '/Game/StarterContent/Maps/Minimal_Default.Minimal_Default:PersistentLevel' has LevelScriptBlueprint '/Game/StarterContent/Maps/Minimal_Default.Minimal_Default:PersistentLevel.Minimal_Default' with GeneratedClass '/Game/StarterContent/Maps/Minimal_Default.Minimal_Default_C' with ClassGeneratedBy '/Game/StarterContent/Maps/Minimal_Default.Minimal_Default:PersistentLevel.Minimal_Default'
[2017.10.27-18.57.13:446][186]LogBlueprintUserMessages: Late EndPlayMap Detection: Level '/Game/StarterContent/Maps/Minimal_Default.Minimal_Default:PersistentLevel' has LevelScriptBlueprint '/Game/StarterContent/Maps/Minimal_Default.Minimal_Default:PersistentLevel.Minimal_Default' with GeneratedClass '/Game/StarterContent/Maps/Minimal_Default.Minimal_Default_C' with ClassGeneratedBy '/Game/StarterContent/Maps/Minimal_Default.Minimal_Default:PersistentLevel.Minimal_Default'
[2017.10.27-22.58.56:381][ 65]LogHttp: Warning: 000001F09BE7E800: request failed, libcurl error: 35 (SSL connect error)
[2017.10.27-22.58.59:342][ 65]LogHttp: Warning: 000001F09BE7E800: libcurl info message cache 0 (Connection 74 seems to be dead!)
[2017.10.27-22.58.59:343][ 65]LogHttp: Warning: 000001F09BE7E800: libcurl info message cache 1 (Closing connection 74)
[2017.10.27-22.58.59:343][ 65]LogHttp: Warning: 000001F09BE7E800: libcurl info message cache 2 (TLSv1.2 (OUT), TLS alert, Client hello (1):)
[2017.10.27-22.58.59:343][ 65]LogHttp: Warning: 000001F09BE7E800: libcurl info message cache 3 (  Trying 34.225.81.108...)
[2017.10.27-22.58.59:343][ 65]LogHttp: Warning: 000001F09BE7E800: libcurl info message cache 4 (Connected to datarouter.ol.epicgames.com (34.225.81.108) port 443 (#75))
[2017.10.27-22.58.59:343][ 65]LogHttp: Warning: 000001F09BE7E800: libcurl info message cache 5 (ALPN, offering http/1.1)
[2017.10.27-22.58.59:343][ 65]LogHttp: Warning: 000001F09BE7E800: libcurl info message cache 6 (Cipher selection: ALL:!EXPORT:!EXPORT40:!EXPORT56:!aNULL:!LOW:!RC4:@STRENGTH)
[2017.10.27-22.58.59:343][ 65]LogHttp: Warning: 000001F09BE7E800: libcurl info message cache 7 (SSL re-using session ID)
[2017.10.27-22.58.59:343][ 65]LogHttp: Warning: 000001F09BE7E800: libcurl info message cache 8 (TLSv1.2 (OUT), TLS handshake, Client hello (1):)
[2017.10.27-22.58.59:343][ 65]LogHttp: Warning: 000001F09BE7E800: libcurl info message cache 9 (Unknown SSL protocol error in connection to datarouter.ol.epicgames.com:443 )
[2017.10.27-22.58.59:343][ 65]LogHttp: Warning: 000001F09BE7E800: libcurl info message cache 10 (Closing connection 75)
[2017.10.28-02.58.14:124][122]LogHttp: Warning: 000001F09BE7DA80: request failed, libcurl error: 35 (SSL connect error)
[2017.10.28-02.58.14:125][122]LogHttp: Warning: 000001F09BE7DA80: libcurl info message cache 0 (Connection 89 seems to be dead!)
[2017.10.28-02.58.14:125][122]LogHttp: Warning: 000001F09BE7DA80: libcurl info message cache 1 (Closing connection 89)
[2017.10.28-02.58.14:125][122]LogHttp: Warning: 000001F09BE7DA80: libcurl info message cache 2 (  Trying 52.21.10.217...)
[2017.10.28-02.58.14:125][122]LogHttp: Warning: 000001F09BE7DA80: libcurl info message cache 3 (Connected to datarouter.ol.epicgames.com (52.21.10.217) port 443 (#90))
[2017.10.28-02.58.14:239][122]LogHttp: Warning: 000001F09BE7DA80: libcurl info message cache 4 (ALPN, offering http/1.1)
[2017.10.28-02.58.14:239][122]LogHttp: Warning: 000001F09BE7DA80: libcurl info message cache 5 (Cipher selection: ALL:!EXPORT:!EXPORT40:!EXPORT56:!aNULL:!LOW:!RC4:@STRENGTH)
[2017.10.28-02.58.14:239][122]LogHttp: Warning: 000001F09BE7DA80: libcurl info message cache 6 (SSL re-using session ID)
[2017.10.28-02.58.14:239][122]LogHttp: Warning: 000001F09BE7DA80: libcurl info message cache 7 (TLSv1.2 (OUT), TLS handshake, Client hello (1):)
[2017.10.28-02.58.14:239][122]LogHttp: Warning: 000001F09BE7DA80: libcurl info message cache 8 (Unknown SSL protocol error in connection to datarouter.ol.epicgames.com:443 )
[2017.10.28-02.58.14:239][122]LogHttp: Warning: 000001F09BE7DA80: libcurl info message cache 9 (Closing connection 90)
[2017.10.28-03.00.09:365][171]LogD3D11RHI: Timed out while waiting for GPU to catch up. (0.5 s)
[2017.10.28-03.00.15:406][188]LogHttp: Warning: 000001F09BE7CE80: request failed, libcurl error: 35 (SSL connect error)
[2017.10.28-03.00.15:406][188]LogHttp: Warning: 000001F09BE7CE80: libcurl info message cache 0 (Hostname in DNS cache was stale, zapped)
[2017.10.28-03.00.15:406][188]LogHttp: Warning: 000001F09BE7CE80: libcurl info message cache 1 (  Trying 54.152.133.238...)
[2017.10.28-03.00.15:406][188]LogHttp: Warning: 000001F09BE7CE80: libcurl info message cache 2 (Connected to datarouter.ol.epicgames.com (54.152.133.238) port 443 (#91))
[2017.10.28-03.00.15:406][188]LogHttp: Warning: 000001F09BE7CE80: libcurl info message cache 3 (ALPN, offering http/1.1)
[2017.10.28-03.00.15:406][188]LogHttp: Warning: 000001F09BE7CE80: libcurl info message cache 4 (Cipher selection: ALL:!EXPORT:!EXPORT40:!EXPORT56:!aNULL:!LOW:!RC4:@STRENGTH)
[2017.10.28-03.00.15:406][188]LogHttp: Warning: 000001F09BE7CE80: libcurl info message cache 5 (SSL re-using session ID)
[2017.10.28-03.00.15:406][188]LogHttp: Warning: 000001F09BE7CE80: libcurl info message cache 6 (TLSv1.2 (OUT), TLS handshake, Client hello (1):)
[2017.10.28-03.00.15:406][188]LogHttp: Warning: 000001F09BE7CE80: libcurl info message cache 7 (Unknown SSL protocol error in connection to datarouter.ol.epicgames.com:443 )
[2017.10.28-03.00.15:406][188]LogHttp: Warning: 000001F09BE7CE80: libcurl info message cache 8 (Closing connection 91)
[2017.10.28-03.02.15:750][549]LogHttp: Warning: 000001F09BE7F280: request failed, libcurl error: 35 (SSL connect error)
[2017.10.28-03.02.15:750][549]LogHttp: Warning: 000001F09BE7F280: libcurl info message cache 0 (Hostname in DNS cache was stale, zapped)
[2017.10.28-03.02.15:750][549]LogHttp: Warning: 000001F09BE7F280: libcurl info message cache 1 (  Trying 52.45.112.123...)
[2017.10.28-03.02.15:750][549]LogHttp: Warning: 000001F09BE7F280: libcurl info message cache 2 (Connected to datarouter.ol.epicgames.com (52.45.112.123) port 443 (#92))
[2017.10.28-03.02.15:750][549]LogHttp: Warning: 000001F09BE7F280: libcurl info message cache 3 (ALPN, offering http/1.1)
[2017.10.28-03.02.15:750][549]LogHttp: Warning: 000001F09BE7F280: libcurl info message cache 4 (Cipher selection: ALL:!EXPORT:!EXPORT40:!EXPORT56:!aNULL:!LOW:!RC4:@STRENGTH)
[2017.10.28-03.02.15:750][549]LogHttp: Warning: 000001F09BE7F280: libcurl info message cache 5 (SSL re-using session ID)
[2017.10.28-03.02.15:750][549]LogHttp: Warning: 000001F09BE7F280: libcurl info message cache 6 (TLSv1.2 (OUT), TLS handshake, Client hello (1):)
[2017.10.28-03.02.15:750][549]LogHttp: Warning: 000001F09BE7F280: libcurl info message cache 7 (Unknown SSL protocol error in connection to datarouter.ol.epicgames.com:443 )
[2017.10.28-03.02.15:750][549]LogHttp: Warning: 000001F09BE7F280: libcurl info message cache 8 (Closing connection 92)
[2017.10.28-03.04.16:213][910]LogHttp: Warning: 000001F09BE7F100: request failed, libcurl error: 6 (Couldn't resolve host name)
[2017.10.28-03.04.16:214][910]LogHttp: Warning: 000001F09BE7F100: libcurl info message cache 0 (Hostname in DNS cache was stale, zapped)
[2017.10.28-03.04.16:214][910]LogHttp: Warning: 000001F09BE7F100: libcurl info message cache 1 (Could not resolve host: datarouter.ol.epicgames.com)
[2017.10.28-03.04.16:214][910]LogHttp: Warning: 000001F09BE7F100: libcurl info message cache 2 (Closing connection 93)
[2017.10.28-03.06.16:875][272]LogHttp: Warning: 000001F09BE7C400: request failed, libcurl error: 6 (Couldn't resolve host name)
[2017.10.28-03.06.16:875][272]LogHttp: Warning: 000001F09BE7C400: libcurl info message cache 0 (Could not resolve host: datarouter.ol.epicgames.com)
[2017.10.28-03.06.16:876][272]LogHttp: Warning: 000001F09BE7C400: libcurl info message cache 1 (Closing connection 94)
[2017.10.28-03.08.17:215][633]LogHttp: Warning: 000001F09BE7F100: request failed, libcurl error: 6 (Couldn't resolve host name)
[2017.10.28-03.08.17:216][633]LogHttp: Warning: 000001F09BE7F100: libcurl info message cache 0 (Could not resolve host: datarouter.ol.epicgames.com)
[2017.10.28-03.08.17:216][633]LogHttp: Warning: 000001F09BE7F100: libcurl info message cache 1 (Closing connection 95)
[2017.10.28-03.10.17:877][995]LogHttp: Warning: 000001F09BE7C880: request failed, libcurl error: 6 (Couldn't resolve host name)
[2017.10.28-03.10.17:877][995]LogHttp: Warning: 000001F09BE7C880: libcurl info message cache 0 (Could not resolve host: datarouter.ol.epicgames.com)
[2017.10.28-03.10.17:877][995]LogHttp: Warning: 000001F09BE7C880: libcurl info message cache 1 (Closing connection 96)
[2017.10.28-03.12.18:208][356]LogHttp: Warning: 000001F09BE7CB80: request failed, libcurl error: 6 (Couldn't resolve host name)
[2017.10.28-03.12.18:208][356]LogHttp: Warning: 000001F09BE7CB80: libcurl info message cache 0 (Could not resolve host: datarouter.ol.epicgames.com)
[2017.10.28-03.12.18:208][356]LogHttp: Warning: 000001F09BE7CB80: libcurl info message cache 1 (Closing connection 97)
[2017.10.28-03.14.18:547][717]LogHttp: Warning: 000001F09BE7E800: request failed, libcurl error: 6 (Couldn't resolve host name)
[2017.10.28-03.14.18:547][717]LogHttp: Warning: 000001F09BE7E800: libcurl info message cache 0 (Could not resolve host: datarouter.ol.epicgames.com)
[2017.10.28-03.14.18:547][717]LogHttp: Warning: 000001F09BE7E800: libcurl info message cache 1 (Closing connection 98)
[2017.10.28-03.16.18:890][ 78]LogHttp: Warning: 000001F09BE7C400: request failed, libcurl error: 6 (Couldn't resolve host name)
[2017.10.28-03.16.18:890][ 78]LogHttp: Warning: 000001F09BE7C400: libcurl info message cache 0 (Could not resolve host: datarouter.ol.epicgames.com)
[2017.10.28-03.16.18:890][ 78]LogHttp: Warning: 000001F09BE7C400: libcurl info message cache 1 (Closing connection 99)
[2017.10.28-03.18.19:557][440]LogHttp: Warning: 000001F09BE7F280: request failed, libcurl error: 6 (Couldn't resolve host name)
[2017.10.28-03.18.19:557][440]LogHttp: Warning: 000001F09BE7F280: libcurl info message cache 0 (Could not resolve host: datarouter.ol.epicgames.com)
[2017.10.28-03.18.19:557][440]LogHttp: Warning: 000001F09BE7F280: libcurl info message cache 1 (Closing connection 100)
[2017.10.28-03.20.19:894][801]LogHttp: Warning: 000001F09BE7C400: request failed, libcurl error: 6 (Couldn't resolve host name)
[2017.10.28-03.20.19:894][801]LogHttp: Warning: 000001F09BE7C400: libcurl info message cache 0 (Could not resolve host: datarouter.ol.epicgames.com)
[2017.10.28-03.20.19:894][801]LogHttp: Warning: 000001F09BE7C400: libcurl info message cache 1 (Closing connection 101)
[2017.10.28-03.22.20:561][163]LogHttp: Warning: 000001F09BE7F280: request failed, libcurl error: 6 (Couldn't resolve host name)
[2017.10.28-03.22.20:562][163]LogHttp: Warning: 000001F09BE7F280: libcurl info message cache 0 (Could not resolve host: datarouter.ol.epicgames.com)
[2017.10.28-03.22.20:562][163]LogHttp: Warning: 000001F09BE7F280: libcurl info message cache 1 (Closing connection 102)
[2017.10.28-03.24.21:230][525]LogHttp: Warning: 000001F09BE7F880: request failed, libcurl error: 6 (Couldn't resolve host name)
[2017.10.28-03.24.21:230][525]LogHttp: Warning: 000001F09BE7F880: libcurl info message cache 0 (Could not resolve host: datarouter.ol.epicgames.com)
[2017.10.28-03.24.21:230][525]LogHttp: Warning: 000001F09BE7F880: libcurl info message cache 1 (Closing connection 103)
[2017.10.28-03.26.21:898][887]LogHttp: Warning: 000001F09BE7C100: request failed, libcurl error: 6 (Couldn't resolve host name)
[2017.10.28-03.26.21:898][887]LogHttp: Warning: 000001F09BE7C100: libcurl info message cache 0 (Could not resolve host: datarouter.ol.epicgames.com)
[2017.10.28-03.26.21:898][887]LogHttp: Warning: 000001F09BE7C100: libcurl info message cache 1 (Closing connection 104)
[2017.10.28-03.28.22:233][248]LogHttp: Warning: 000001F09BE7C880: request failed, libcurl error: 6 (Couldn't resolve host name)
[2017.10.28-03.28.22:234][248]LogHttp: Warning: 000001F09BE7C880: libcurl info message cache 0 (Could not resolve host: datarouter.ol.epicgames.com)
[2017.10.28-03.28.22:234][248]LogHttp: Warning: 000001F09BE7C880: libcurl info message cache 1 (Closing connection 105)
[2017.10.28-03.30.22:898][610]LogHttp: Warning: 000001F09BE7CE80: request failed, libcurl error: 6 (Couldn't resolve host name)
[2017.10.28-03.30.22:898][610]LogHttp: Warning: 000001F09BE7CE80: libcurl info message cache 0 (Could not resolve host: datarouter.ol.epicgames.com)
[2017.10.28-03.30.22:898][610]LogHttp: Warning: 000001F09BE7CE80: libcurl info message cache 1 (Closing connection 106)
[2017.10.28-03.32.23:234][971]LogHttp: Warning: 000001F09BE7F280: request failed, libcurl error: 6 (Couldn't resolve host name)
[2017.10.28-03.32.23:234][971]LogHttp: Warning: 000001F09BE7F280: libcurl info message cache 0 (Could not resolve host: datarouter.ol.epicgames.com)
[2017.10.28-03.32.23:234][971]LogHttp: Warning: 000001F09BE7F280: libcurl info message cache 1 (Closing connection 107)
[2017.10.28-03.34.23:562][332]LogHttp: Warning: 000001F09BE7C100: request failed, libcurl error: 6 (Couldn't resolve host name)
[2017.10.28-03.34.23:562][332]LogHttp: Warning: 000001F09BE7C100: libcurl info message cache 0 (Could not resolve host: datarouter.ol.epicgames.com)
[2017.10.28-03.34.23:562][332]LogHttp: Warning: 000001F09BE7C100: libcurl info message cache 1 (Closing connection 108)
[2017.10.28-03.36.23:905][693]LogHttp: Warning: 000001F09BE7CB80: request failed, libcurl error: 6 (Couldn't resolve host name)
[2017.10.28-03.36.23:905][693]LogHttp: Warning: 000001F09BE7CB80: libcurl info message cache 0 (Could not resolve host: datarouter.ol.epicgames.com)
[2017.10.28-03.36.23:905][693]LogHttp: Warning: 000001F09BE7CB80: libcurl info message cache 1 (Closing connection 109)
[2017.10.28-03.38.24:566][ 55]LogHttp: Warning: 000001F09BE7EC80: request failed, libcurl error: 6 (Couldn't resolve host name)
[2017.10.28-03.38.24:566][ 55]LogHttp: Warning: 000001F09BE7EC80: libcurl info message cache 0 (Could not resolve host: datarouter.ol.epicgames.com)
[2017.10.28-03.38.24:566][ 55]LogHttp: Warning: 000001F09BE7EC80: libcurl info message cache 1 (Closing connection 110)
[2017.10.28-03.40.24:904][416]LogHttp: Warning: 000001F09BE7C100: request failed, libcurl error: 6 (Couldn't resolve host name)
[2017.10.28-03.40.24:904][416]LogHttp: Warning: 000001F09BE7C100: libcurl info message cache 0 (Could not resolve host: datarouter.ol.epicgames.com)
[2017.10.28-03.40.24:904][416]LogHttp: Warning: 000001F09BE7C100: libcurl info message cache 1 (Closing connection 111)
[2017.10.28-03.42.25:241][777]LogHttp: Warning: 000001F09BE7EC80: request failed, libcurl error: 6 (Couldn't resolve host name)
[2017.10.28-03.42.25:241][777]LogHttp: Warning: 000001F09BE7EC80: libcurl info message cache 0 (Could not resolve host: datarouter.ol.epicgames.com)
[2017.10.28-03.42.25:241][777]LogHttp: Warning: 000001F09BE7EC80: libcurl info message cache 1 (Closing connection 112)
[2017.10.28-03.44.25:904][139]LogHttp: Warning: 000001F09BE7E800: request failed, libcurl error: 6 (Couldn't resolve host name)
[2017.10.28-03.44.25:905][139]LogHttp: Warning: 000001F09BE7E800: libcurl info message cache 0 (Could not resolve host: datarouter.ol.epicgames.com)
[2017.10.28-03.44.25:905][139]LogHttp: Warning: 000001F09BE7E800: libcurl info message cache 1 (Closing connection 113)
[2017.10.28-03.46.26:240][500]LogHttp: Warning: 000001F09BE7CB80: request failed, libcurl error: 6 (Couldn't resolve host name)
[2017.10.28-03.46.26:240][500]LogHttp: Warning: 000001F09BE7CB80: libcurl info message cache 0 (Could not resolve host: datarouter.ol.epicgames.com)
[2017.10.28-03.46.26:240][500]LogHttp: Warning: 000001F09BE7CB80: libcurl info message cache 1 (Closing connection 114)
